#
# A fatal error has been detected by the Java Runtime Environment:
#
#  SIGILL (0x4) at pc=0x00007ff8179897a3, pid=55806, tid=9731
#
# JRE version: Java(TM) SE Runtime Environment (17.0+35) (build 17+35-LTS-2724)
# Java VM: Java HotSpot(TM) 64-Bit Server VM (17+35-LTS-2724, mixed mode, sharing, tiered, compressed oops, compressed class ptrs, g1 gc, bsd-amd64)
# Problematic frame:
# C  [libdispatch.dylib+0x47a3]  _dispatch_assert_queue_fail+0x63
#
# No core dump will be written. Core dumps have been disabled. To enable core dumping, try "ulimit -c unlimited" before starting Java again
#
# If you would like to submit a bug report, please visit:
#   https://bugreport.java.com/bugreport/crash.jsp
# The crash happened outside the Java Virtual Machine in native code.
# See problematic frame for where to report the bug.
#

---------------  S U M M A R Y ------------

Command Line: -Dfile.encoding=UTF-8 -XX:+ShowCodeDetailsInExceptionMessages strongforce.StrongForce

Host: "MacBookAir7,2" x86_64 1800 MHz, 4 cores, 8G, Darwin 21.3.0, macOS 12.2.1 (21D62)
Time: Tue Mar 15 10:10:26 2022 CET elapsed time: 1.768843 seconds (0d 0h 0m 1s)

---------------  T H R E A D  ---------------

Current thread (0x00007f7fd980b600):  JavaThread "main" [_thread_in_native, id=9731, stack(0x000070000bb6e000,0x000070000bc6e000)]

Stack: [0x000070000bb6e000,0x000070000bc6e000],  sp=0x000070000bc6cc70,  free space=1019k
Native frames: (J=compiled Java code, j=interpreted, Vv=VM code, C=native code)
C  [libdispatch.dylib+0x47a3]  _dispatch_assert_queue_fail+0x63
C  [libdispatch.dylib+0x4740]  _dispatch_assert_queue_fail+0x0
C  [HIToolbox+0x347ec]  islGetInputSourceListWithAdditions+0x77
C  [HIToolbox+0x36cd1]  isValidateInputSourceRef+0x5a
C  [HIToolbox+0x36b99]  TSMGetInputSourceProperty+0x1e
C  [libnewt.jnilib+0xae4f]  NewtCommon_ReleaseJNIEnv+0x469f
C  [libnewt.jnilib+0xae08]  NewtCommon_ReleaseJNIEnv+0x4658
C  [libnewt.jnilib+0x9303]  NewtCommon_ReleaseJNIEnv+0x2b53
C  [libnewt.jnilib+0x31c1]  Java_jogamp_newt_driver_macosx_WindowDriver_initIDs0+0x1a1
j  jogamp.newt.driver.macosx.WindowDriver.initIDs0()Z+0
j  jogamp.newt.driver.macosx.DisplayDriver.<clinit>()V+20
v  ~StubRoutines::call_stub
V  [libjvm.dylib+0x503091]  JavaCalls::call_helper(JavaValue*, methodHandle const&, JavaCallArguments*, JavaThread*)+0x2a1
V  [libjvm.dylib+0x4e14b4]  InstanceKlass::call_class_initializer(JavaThread*)+0x254
V  [libjvm.dylib+0x4e0c75]  InstanceKlass::initialize_impl(JavaThread*)+0x415
V  [libjvm.dylib+0x59bf10]  JVM_FindClassFromCaller+0x2d0
C  [libjava.dylib+0x28c6]  Java_java_lang_Class_forName0+0x136
j  java.lang.Class.forName0(Ljava/lang/String;ZLjava/lang/ClassLoader;Ljava/lang/Class;)Ljava/lang/Class;+0 java.base@17
j  java.lang.Class.forName(Ljava/lang/String;)Ljava/lang/Class;+11 java.base@17
j  com.jogamp.newt.NewtFactory.getCustomClass(Ljava/lang/String;Ljava/lang/String;)Ljava/lang/Class;+76
j  jogamp.newt.DisplayImpl.getDisplayClass(Ljava/lang/String;)Ljava/lang/Class;+3
j  jogamp.newt.DisplayImpl.create(Ljava/lang/String;Ljava/lang/String;JZ)Lcom/jogamp/newt/Display;+1
j  com.jogamp.newt.NewtFactory.createDisplay(Ljava/lang/String;Z)Lcom/jogamp/newt/Display;+7
j  com.jogamp.newt.NewtFactory.createDisplay(Ljava/lang/String;)Lcom/jogamp/newt/Display;+2
j  processing.opengl.PSurfaceJOGL.initDisplay()V+2
j  processing.opengl.PSurfaceJOGL.initFrame(Lprocessing/core/PApplet;)V+10
j  processing.core.PApplet.initSurface()Lprocessing/core/PSurface;+46
j  processing.core.PApplet.runSketch([Ljava/lang/String;Lprocessing/core/PApplet;)V+822
j  processing.core.PApplet.main(Ljava/lang/String;[Ljava/lang/String;)V+21
j  processing.core.PApplet.main(Ljava/lang/Class;[Ljava/lang/String;)V+5
j  strongforce.StrongForce.main([Ljava/lang/String;)V+3
v  ~StubRoutines::call_stub
V  [libjvm.dylib+0x503091]  JavaCalls::call_helper(JavaValue*, methodHandle const&, JavaCallArguments*, JavaThread*)+0x2a1
V  [libjvm.dylib+0x564a82]  jni_invoke_static(JNIEnv_*, JavaValue*, _jobject*, JNICallType, _jmethodID*, JNI_ArgumentPusher*, JavaThread*)+0x152
V  [libjvm.dylib+0x567e43]  jni_CallStaticVoidMethod+0x183
C  [libjli.dylib+0x50bf]  JavaMain+0x9bf
C  [libjli.dylib+0x77e9]  ThreadJavaMain+0x9
C  [libsystem_pthread.dylib+0x64f4]  _pthread_start+0x7d
C  [libsystem_pthread.dylib+0x200f]  thread_start+0xf

Java frames: (J=compiled Java code, j=interpreted, Vv=VM code)
j  jogamp.newt.driver.macosx.WindowDriver.initIDs0()Z+0
j  jogamp.newt.driver.macosx.DisplayDriver.<clinit>()V+20
v  ~StubRoutines::call_stub
j  java.lang.Class.forName0(Ljava/lang/String;ZLjava/lang/ClassLoader;Ljava/lang/Class;)Ljava/lang/Class;+0 java.base@17
j  java.lang.Class.forName(Ljava/lang/String;)Ljava/lang/Class;+11 java.base@17
j  com.jogamp.newt.NewtFactory.getCustomClass(Ljava/lang/String;Ljava/lang/String;)Ljava/lang/Class;+76
j  jogamp.newt.DisplayImpl.getDisplayClass(Ljava/lang/String;)Ljava/lang/Class;+3
j  jogamp.newt.DisplayImpl.create(Ljava/lang/String;Ljava/lang/String;JZ)Lcom/jogamp/newt/Display;+1
j  com.jogamp.newt.NewtFactory.createDisplay(Ljava/lang/String;Z)Lcom/jogamp/newt/Display;+7
j  com.jogamp.newt.NewtFactory.createDisplay(Ljava/lang/String;)Lcom/jogamp/newt/Display;+2
j  processing.opengl.PSurfaceJOGL.initDisplay()V+2
j  processing.opengl.PSurfaceJOGL.initFrame(Lprocessing/core/PApplet;)V+10
j  processing.core.PApplet.initSurface()Lprocessing/core/PSurface;+46
j  processing.core.PApplet.runSketch([Ljava/lang/String;Lprocessing/core/PApplet;)V+822
j  processing.core.PApplet.main(Ljava/lang/String;[Ljava/lang/String;)V+21
j  processing.core.PApplet.main(Ljava/lang/Class;[Ljava/lang/String;)V+5
j  strongforce.StrongForce.main([Ljava/lang/String;)V+3
v  ~StubRoutines::call_stub

siginfo: si_signo: 4 (SIGILL), si_code: 1 (ILL_ILLOPC), si_addr: 0x00007ff8179897a3

Register to memory mapping:

RAX=0x99c2fe996d14004a is an unknown value
RBX=0x0000600000768b00 points into unknown readable memory: 0x43204e4920475542 | 42 55 47 20 49 4e 20 43
RCX=0x000000008b033ffb is an unknown value
RDX=0x000000008b234018 is an unknown value
RSP=0x000070000bc6cc70 is pointing into the stack for thread: 0x00007f7fd980b600
RBP=0x000070000bc6cc80 is pointing into the stack for thread: 0x00007f7fd980b600
RSI=0x0000600000768b80 points into unknown readable memory: 0x0000e0a3d0e48b80 | 80 8b e4 d0 a3 e0 00 00
RDI=0x000000000000007f is an unknown value
R8 =0x0000000000000b80 is an unknown value
R9 =0x0000000000000080 is an unknown value
R10=0x00000000000007fb is an unknown value
R11=0x0000000000000080 is an unknown value
R12=0x0000600002975d40 points into unknown readable memory: 0x011dfff8591c80b1 | b1 80 1c 59 f8 ff 1d 01
R13={method} {0x00000001106291a8} 'initIDs0' '()Z' in 'jogamp/newt/driver/macosx/WindowDriver'
R14=0x000070000bc6cd88 is pointing into the stack for thread: 0x00007f7fd980b600
R15=0x0 is NULL


Registers:
RAX=0x99c2fe996d14004a, RBX=0x0000600000768b00, RCX=0x000000008b033ffb, RDX=0x000000008b234018
RSP=0x000070000bc6cc70, RBP=0x000070000bc6cc80, RSI=0x0000600000768b80, RDI=0x000000000000007f
R8 =0x0000000000000b80, R9 =0x0000000000000080, R10=0x00000000000007fb, R11=0x0000000000000080
R12=0x0000600002975d40, R13=0x00000001106291a8, R14=0x000070000bc6cd88, R15=0x0000000000000000
RIP=0x00007ff8179897a3, EFLAGS=0x0000000000010206, ERR=0x0000000000000000
  TRAPNO=0x0000000000000006

Top of Stack: (sp=0x000070000bc6cc70)
0x000070000bc6cc70:   0000600000768b00 00000001106291a8
0x000070000bc6cc80:   000070000bc6cc90 00007ff817989740
0x000070000bc6cc90:   000070000bc6cd40 00007ff8208427ec
0x000070000bc6cca0:   00000000000000d8 000070000bc6d030
0x000070000bc6ccb0:   00007f7fd980b600 00000001332adc5f
0x000070000bc6ccc0:   00000000332a4020 000000080043fc28
0x000070000bc6ccd0:   0000000800442798 000000000255f295
0x000070000bc6cce0:   0000000000000000 00007f7fd9005060
0x000070000bc6ccf0:   000070000bc6cd30 000000010b435af9
0x000070000bc6cd00:   0000000000000000 00007f7fd980b600
0x000070000bc6cd10:   00007f7fd980b600 00000001106291a8
0x000070000bc6cd20:   0000600002975d40 00000001106291a8
0x000070000bc6cd30:   000070000bc6cd88 0000000000000134
0x000070000bc6cd40:   000070000bc6cd70 00007ff820844cd1
0x000070000bc6cd50:   00000001106291a8 00007ff859a33498
0x000070000bc6cd60:   0000600002975d40 00007f7fd980b600
0x000070000bc6cd70:   000070000bc6cdb0 00007ff820844b99
0x000070000bc6cd80:   0000000000000000 0000000000000000
0x000070000bc6cd90:   00000001106291a8 0000000000000000
0x000070000bc6cda0:   000070000bc6cf38 00007f7fd980b600
0x000070000bc6cdb0:   000070000bc6ce10 00000001332abe4f
0x000070000bc6cdc0:   00000001332adfd2 00000001332adfc5
0x000070000bc6cdd0:   000070000bc6ce10 00007ff820855728
0x000070000bc6cde0:   0000600003c6ba70 00000001106291a8
0x000070000bc6cdf0:   0000000000000000 00000001106291a8
0x000070000bc6ce00:   0000600002975d40 00000001106291a8
0x000070000bc6ce10:   000070000bc6ce30 00000001332abe08
0x000070000bc6ce20:   000070000bc6cf38 0000600002975d40
0x000070000bc6ce30:   000070000bc6ce70 00000001332aa303
0x000070000bc6ce40:   000000010b13e090 000070000bc6cf30
0x000070000bc6ce50:   00007f7fd980b8a8 00000001332ac72e
0x000070000bc6ce60:   00000001332b2368 0000000500000005 

Instructions: (pc=0x00007ff8179897a3)
0x00007ff8179896a3:   5d c3 e8 b1 e1 02 00 90 90 55 48 89 e5 48 8b 07
0x00007ff8179896b3:   0f b6 40 28 48 8d 48 ef 48 83 f9 02 73 13 48 8b
0x00007ff8179896c3:   47 38 65 33 04 25 18 00 00 00 83 f8 04 73 0a 5d
0x00007ff8179896d3:   c3 48 89 c7 e8 f8 e6 02 00 65 48 8b 0c 25 a0 00
0x00007ff8179896e3:   00 00 48 85 c9 0f 94 c2 74 45 48 39 f9 74 40 65
0x00007ff8179896f3:   48 8b 04 25 a8 00 00 00 48 8b 51 18 48 85 c0 74
0x00007ff817989703:   13 48 8b 30 48 85 d2 74 12 48 39 f1 75 08 48 8b
0x00007ff817989713:   40 08 eb 02 31 c0 48 89 d1 eb 07 48 8b 40 08 48
0x00007ff817989723:   89 f1 48 85 c9 0f 94 c2 74 05 48 39 f9 75 c9 84
0x00007ff817989733:   d2 74 9c be 01 00 00 00 e8 00 00 00 00 55 48 89
0x00007ff817989743:   e5 53 50 48 8d 5d f0 48 c7 03 00 00 00 00 48 8d
0x00007ff817989753:   05 d6 8a 03 00 48 8d 0d e2 50 03 00 85 f6 48 0f
0x00007ff817989763:   45 c8 4c 8b 47 48 4d 85 c0 4c 0f 44 c0 48 8d 35
0x00007ff817989773:   69 50 03 00 48 8d 15 92 50 03 00 48 89 df 31 c0
0x00007ff817989783:   e8 36 21 03 00 48 8b 1b 48 8d 3d b4 50 03 00 48
0x00007ff817989793:   89 de 31 c0 e8 86 d3 02 00 48 89 1d 85 0d a0 41
0x00007ff8179897a3:   0f 0b 55 48 89 e5 48 8b 07 0f b6 40 28 48 8d 48
0x00007ff8179897b3:   ef 48 83 f9 02 73 74 48 8b 47 38 65 33 04 25 18
0x00007ff8179897c3:   00 00 00 83 f8 03 76 5c 65 48 8b 0c 25 a0 00 00
0x00007ff8179897d3:   00 48 85 c9 0f 94 c2 74 45 48 39 f9 74 40 65 48
0x00007ff8179897e3:   8b 04 25 a8 00 00 00 48 8b 51 18 48 85 c0 74 13
0x00007ff8179897f3:   48 8b 30 48 85 d2 74 12 48 39 f1 75 08 48 8b 40
0x00007ff817989803:   08 eb 02 31 c0 48 89 d1 eb 07 48 8b 40 08 48 89
0x00007ff817989813:   f1 48 85 c9 0f 94 c2 74 05 48 39 f9 75 c9 84 d2
0x00007ff817989823:   74 02 5d c3 31 f6 e8 12 ff ff ff 48 89 c7 e8 b8
0x00007ff817989833:   e5 02 00 55 48 89 e5 53 50 48 89 fb e8 68 fe ff
0x00007ff817989843:   ff 66 83 7b 50 01 75 07 48 83 c4 08 5b 5d c3 48
0x00007ff817989853:   83 7b 18 00 74 0b 48 8b 43 38 48 0f ba e0 36 72
0x00007ff817989863:   e7 48 89 df e8 00 00 00 00 55 48 89 e5 53 50 48
0x00007ff817989873:   8d 5d f0 48 c7 03 00 00 00 00 48 8b 47 48 48 85
0x00007ff817989883:   c0 48 8d 0d a3 89 03 00 48 0f 45 c8 48 8d 35 b3
0x00007ff817989893:   4f 03 00 48 8d 15 73 4f 03 00 48 89 df 31 c0 e8 


Stack slot to memory mapping:
stack at sp + 0 slots: 0x0000600000768b00 points into unknown readable memory: 0x43204e4920475542 | 42 55 47 20 49 4e 20 43
stack at sp + 1 slots: {method} {0x00000001106291a8} 'initIDs0' '()Z' in 'jogamp/newt/driver/macosx/WindowDriver'
stack at sp + 2 slots: 0x000070000bc6cc90 is pointing into the stack for thread: 0x00007f7fd980b600
stack at sp + 3 slots: 0x00007ff817989740: _dispatch_assert_queue_fail+0 in /usr/lib/system/libdispatch.dylib at 0x00007ff817985000
stack at sp + 4 slots: 0x000070000bc6cd40 is pointing into the stack for thread: 0x00007f7fd980b600
stack at sp + 5 slots: 0x00007ff8208427ec: islGetInputSourceListWithAdditions+0x77 in /System/Library/Frameworks/Carbon.framework/Versions/A/Frameworks/HIToolbox.framework/Versions/A/HIToolbox at 0x00007ff82080e000
stack at sp + 6 slots: 0x00000000000000d8 is an unknown value
stack at sp + 7 slots: 0x000070000bc6d030 is pointing into the stack for thread: 0x00007f7fd980b600


---------------  P R O C E S S  ---------------

Threads class SMR info:
_java_thread_list=0x000060000291c9e0, length=16, elements={
0x00007f7fd980b600, 0x00007f7fd980d200, 0x00007f7fd982e800, 0x00007f7fd982cc00,
0x00007f7fd9830000, 0x00007f7fd9830600, 0x00007f7fd8826000, 0x00007f7fd8826600,
0x00007f7fd8826c00, 0x00007f7fd8827200, 0x00007f7fd982d200, 0x00007f7fdb052000,
0x00007f7fd885a400, 0x00007f7fd99b4e00, 0x00007f7fd99f0800, 0x00007f7fdb160000
}

Java Threads: ( => current thread )
=>0x00007f7fd980b600 JavaThread "main" [_thread_in_native, id=9731, stack(0x000070000bb6e000,0x000070000bc6e000)]
  0x00007f7fd980d200 JavaThread "Reference Handler" daemon [_thread_blocked, id=18947, stack(0x000070000c283000,0x000070000c383000)]
  0x00007f7fd982e800 JavaThread "Finalizer" daemon [_thread_blocked, id=18691, stack(0x000070000c386000,0x000070000c486000)]
  0x00007f7fd982cc00 JavaThread "Signal Dispatcher" daemon [_thread_blocked, id=42499, stack(0x000070000c612000,0x000070000c712000)]
  0x00007f7fd9830000 JavaThread "Service Thread" daemon [_thread_blocked, id=23299, stack(0x000070000c715000,0x000070000c815000)]
  0x00007f7fd9830600 JavaThread "Monitor Deflation Thread" daemon [_thread_blocked, id=41731, stack(0x000070000c818000,0x000070000c918000)]
  0x00007f7fd8826000 JavaThread "C2 CompilerThread0" daemon [_thread_blocked, id=23555, stack(0x000070000c91b000,0x000070000ca1b000)]
  0x00007f7fd8826600 JavaThread "C1 CompilerThread0" daemon [_thread_blocked, id=23811, stack(0x000070000ca1e000,0x000070000cb1e000)]
  0x00007f7fd8826c00 JavaThread "Sweeper thread" daemon [_thread_blocked, id=24323, stack(0x000070000cb21000,0x000070000cc21000)]
  0x00007f7fd8827200 JavaThread "Notification Thread" daemon [_thread_blocked, id=40707, stack(0x000070000cc24000,0x000070000cd24000)]
  0x00007f7fd982d200 JavaThread "Common-Cleaner" daemon [_thread_blocked, id=40195, stack(0x000070000ce2a000,0x000070000cf2a000)]
  0x00007f7fdb052000 JavaThread "AppKit Thread" daemon [_thread_in_native, id=259, stack(0x00007ff7b5c6d000,0x00007ff7b646d000)]
  0x00007f7fd885a400 JavaThread "AWT-Shutdown" [_thread_blocked, id=32027, stack(0x000070000cf2d000,0x000070000d02d000)]
  0x00007f7fd99b4e00 JavaThread "Java2D Queue Flusher" daemon [_thread_blocked, id=83235, stack(0x000070000d136000,0x000070000d236000)]
  0x00007f7fd99f0800 JavaThread "Java2D Disposer" daemon [_thread_blocked, id=74499, stack(0x000070000d239000,0x000070000d339000)]
  0x00007f7fdb160000 JavaThread "AWT-EventQueue-0" [_thread_blocked, id=58387, stack(0x000070000d33c000,0x000070000d43c000)]

Other Threads:
  0x00007f7fd8706ed0 VMThread "VM Thread" [stack: 0x000070000c180000,0x000070000c280000] [id=16899]
  0x00007f7fd9209ff0 WatcherThread [stack: 0x000070000cd27000,0x000070000ce27000] [id=40451]
  0x00007f7fd8706170 GCTaskThread "GC Thread#0" [stack: 0x000070000bc71000,0x000070000bd71000] [id=13571]
  0x00007f7fd9005de0 ConcurrentGCThread "G1 Main Marker" [stack: 0x000070000bd74000,0x000070000be74000] [id=14083]
  0x00007f7fd9006660 ConcurrentGCThread "G1 Conc#0" [stack: 0x000070000be77000,0x000070000bf77000] [id=20739]
  0x00007f7fd9204750 ConcurrentGCThread "G1 Refine#0" [stack: 0x000070000bf7a000,0x000070000c07a000] [id=15107]
  0x00007f7fd9204fe0 ConcurrentGCThread "G1 Service" [stack: 0x000070000c07d000,0x000070000c17d000] [id=15619]

Threads with active compile tasks:

VM state: not at safepoint (normal execution)

VM Mutex/Monitor currently owned by a thread: None

Heap address: 0x0000000780000000, size: 2048 MB, Compressed Oops mode: Zero based, Oop shift amount: 3

CDS archive(s) mapped at: [0x0000000800000000-0x0000000800bd0000-0x0000000800bd0000), size 12386304, SharedBaseAddress: 0x0000000800000000, ArchiveRelocationMode: 0.
Compressed class space mapped at: 0x0000000800c00000-0x0000000840c00000, reserved size: 1073741824
Narrow klass base: 0x0000000800000000, Narrow klass shift: 0, Narrow klass range: 0x100000000

GC Precious Log:
 CPUs: 4 total, 4 available
 Memory: 8192M
 Large Page Support: Disabled
 NUMA Support: Disabled
 Compressed Oops: Enabled (Zero based)
 Heap Region Size: 1M
 Heap Min Capacity: 8M
 Heap Initial Capacity: 128M
 Heap Max Capacity: 2G
 Pre-touch: Disabled
 Parallel Workers: 4
 Concurrent Workers: 1
 Concurrent Refinement Workers: 4
 Periodic GC: Disabled

Heap:
 garbage-first heap   total 133120K, used 9172K [0x0000000780000000, 0x0000000800000000)
  region size 1024K, 10 young (10240K), 0 survivors (0K)
 Metaspace       used 7140K, committed 7296K, reserved 1056768K
  class space    used 647K, committed 768K, reserved 1048576K

Heap Regions: E=young(eden), S=young(survivor), O=old, HS=humongous(starts), HC=humongous(continues), CS=collection set, F=free, OA=open archive, CA=closed archive, TAMS=top-at-mark-start (previous, next)
|   0|0x0000000780000000, 0x0000000780000000, 0x0000000780100000|  0%| F|  |TAMS 0x0000000780000000, 0x0000000780000000| Untracked 
|   1|0x0000000780100000, 0x0000000780100000, 0x0000000780200000|  0%| F|  |TAMS 0x0000000780100000, 0x0000000780100000| Untracked 
|   2|0x0000000780200000, 0x0000000780200000, 0x0000000780300000|  0%| F|  |TAMS 0x0000000780200000, 0x0000000780200000| Untracked 
|   3|0x0000000780300000, 0x0000000780300000, 0x0000000780400000|  0%| F|  |TAMS 0x0000000780300000, 0x0000000780300000| Untracked 
|   4|0x0000000780400000, 0x0000000780400000, 0x0000000780500000|  0%| F|  |TAMS 0x0000000780400000, 0x0000000780400000| Untracked 
|   5|0x0000000780500000, 0x0000000780500000, 0x0000000780600000|  0%| F|  |TAMS 0x0000000780500000, 0x0000000780500000| Untracked 
|   6|0x0000000780600000, 0x0000000780600000, 0x0000000780700000|  0%| F|  |TAMS 0x0000000780600000, 0x0000000780600000| Untracked 
|   7|0x0000000780700000, 0x0000000780700000, 0x0000000780800000|  0%| F|  |TAMS 0x0000000780700000, 0x0000000780700000| Untracked 
|   8|0x0000000780800000, 0x0000000780800000, 0x0000000780900000|  0%| F|  |TAMS 0x0000000780800000, 0x0000000780800000| Untracked 
|   9|0x0000000780900000, 0x0000000780900000, 0x0000000780a00000|  0%| F|  |TAMS 0x0000000780900000, 0x0000000780900000| Untracked 
|  10|0x0000000780a00000, 0x0000000780a00000, 0x0000000780b00000|  0%| F|  |TAMS 0x0000000780a00000, 0x0000000780a00000| Untracked 
|  11|0x0000000780b00000, 0x0000000780b00000, 0x0000000780c00000|  0%| F|  |TAMS 0x0000000780b00000, 0x0000000780b00000| Untracked 
|  12|0x0000000780c00000, 0x0000000780c00000, 0x0000000780d00000|  0%| F|  |TAMS 0x0000000780c00000, 0x0000000780c00000| Untracked 
|  13|0x0000000780d00000, 0x0000000780d00000, 0x0000000780e00000|  0%| F|  |TAMS 0x0000000780d00000, 0x0000000780d00000| Untracked 
|  14|0x0000000780e00000, 0x0000000780e00000, 0x0000000780f00000|  0%| F|  |TAMS 0x0000000780e00000, 0x0000000780e00000| Untracked 
|  15|0x0000000780f00000, 0x0000000780f00000, 0x0000000781000000|  0%| F|  |TAMS 0x0000000780f00000, 0x0000000780f00000| Untracked 
|  16|0x0000000781000000, 0x0000000781000000, 0x0000000781100000|  0%| F|  |TAMS 0x0000000781000000, 0x0000000781000000| Untracked 
|  17|0x0000000781100000, 0x0000000781100000, 0x0000000781200000|  0%| F|  |TAMS 0x0000000781100000, 0x0000000781100000| Untracked 
|  18|0x0000000781200000, 0x0000000781200000, 0x0000000781300000|  0%| F|  |TAMS 0x0000000781200000, 0x0000000781200000| Untracked 
|  19|0x0000000781300000, 0x0000000781300000, 0x0000000781400000|  0%| F|  |TAMS 0x0000000781300000, 0x0000000781300000| Untracked 
|  20|0x0000000781400000, 0x0000000781400000, 0x0000000781500000|  0%| F|  |TAMS 0x0000000781400000, 0x0000000781400000| Untracked 
|  21|0x0000000781500000, 0x0000000781500000, 0x0000000781600000|  0%| F|  |TAMS 0x0000000781500000, 0x0000000781500000| Untracked 
|  22|0x0000000781600000, 0x0000000781600000, 0x0000000781700000|  0%| F|  |TAMS 0x0000000781600000, 0x0000000781600000| Untracked 
|  23|0x0000000781700000, 0x0000000781700000, 0x0000000781800000|  0%| F|  |TAMS 0x0000000781700000, 0x0000000781700000| Untracked 
|  24|0x0000000781800000, 0x0000000781800000, 0x0000000781900000|  0%| F|  |TAMS 0x0000000781800000, 0x0000000781800000| Untracked 
|  25|0x0000000781900000, 0x0000000781900000, 0x0000000781a00000|  0%| F|  |TAMS 0x0000000781900000, 0x0000000781900000| Untracked 
|  26|0x0000000781a00000, 0x0000000781a00000, 0x0000000781b00000|  0%| F|  |TAMS 0x0000000781a00000, 0x0000000781a00000| Untracked 
|  27|0x0000000781b00000, 0x0000000781b00000, 0x0000000781c00000|  0%| F|  |TAMS 0x0000000781b00000, 0x0000000781b00000| Untracked 
|  28|0x0000000781c00000, 0x0000000781c00000, 0x0000000781d00000|  0%| F|  |TAMS 0x0000000781c00000, 0x0000000781c00000| Untracked 
|  29|0x0000000781d00000, 0x0000000781d00000, 0x0000000781e00000|  0%| F|  |TAMS 0x0000000781d00000, 0x0000000781d00000| Untracked 
|  30|0x0000000781e00000, 0x0000000781e00000, 0x0000000781f00000|  0%| F|  |TAMS 0x0000000781e00000, 0x0000000781e00000| Untracked 
|  31|0x0000000781f00000, 0x0000000781f00000, 0x0000000782000000|  0%| F|  |TAMS 0x0000000781f00000, 0x0000000781f00000| Untracked 
|  32|0x0000000782000000, 0x0000000782000000, 0x0000000782100000|  0%| F|  |TAMS 0x0000000782000000, 0x0000000782000000| Untracked 
|  33|0x0000000782100000, 0x0000000782100000, 0x0000000782200000|  0%| F|  |TAMS 0x0000000782100000, 0x0000000782100000| Untracked 
|  34|0x0000000782200000, 0x0000000782200000, 0x0000000782300000|  0%| F|  |TAMS 0x0000000782200000, 0x0000000782200000| Untracked 
|  35|0x0000000782300000, 0x0000000782300000, 0x0000000782400000|  0%| F|  |TAMS 0x0000000782300000, 0x0000000782300000| Untracked 
|  36|0x0000000782400000, 0x0000000782400000, 0x0000000782500000|  0%| F|  |TAMS 0x0000000782400000, 0x0000000782400000| Untracked 
|  37|0x0000000782500000, 0x0000000782500000, 0x0000000782600000|  0%| F|  |TAMS 0x0000000782500000, 0x0000000782500000| Untracked 
|  38|0x0000000782600000, 0x0000000782600000, 0x0000000782700000|  0%| F|  |TAMS 0x0000000782600000, 0x0000000782600000| Untracked 
|  39|0x0000000782700000, 0x0000000782700000, 0x0000000782800000|  0%| F|  |TAMS 0x0000000782700000, 0x0000000782700000| Untracked 
|  40|0x0000000782800000, 0x0000000782800000, 0x0000000782900000|  0%| F|  |TAMS 0x0000000782800000, 0x0000000782800000| Untracked 
|  41|0x0000000782900000, 0x0000000782900000, 0x0000000782a00000|  0%| F|  |TAMS 0x0000000782900000, 0x0000000782900000| Untracked 
|  42|0x0000000782a00000, 0x0000000782a00000, 0x0000000782b00000|  0%| F|  |TAMS 0x0000000782a00000, 0x0000000782a00000| Untracked 
|  43|0x0000000782b00000, 0x0000000782b00000, 0x0000000782c00000|  0%| F|  |TAMS 0x0000000782b00000, 0x0000000782b00000| Untracked 
|  44|0x0000000782c00000, 0x0000000782c00000, 0x0000000782d00000|  0%| F|  |TAMS 0x0000000782c00000, 0x0000000782c00000| Untracked 
|  45|0x0000000782d00000, 0x0000000782d00000, 0x0000000782e00000|  0%| F|  |TAMS 0x0000000782d00000, 0x0000000782d00000| Untracked 
|  46|0x0000000782e00000, 0x0000000782e00000, 0x0000000782f00000|  0%| F|  |TAMS 0x0000000782e00000, 0x0000000782e00000| Untracked 
|  47|0x0000000782f00000, 0x0000000782f00000, 0x0000000783000000|  0%| F|  |TAMS 0x0000000782f00000, 0x0000000782f00000| Untracked 
|  48|0x0000000783000000, 0x0000000783000000, 0x0000000783100000|  0%| F|  |TAMS 0x0000000783000000, 0x0000000783000000| Untracked 
|  49|0x0000000783100000, 0x0000000783100000, 0x0000000783200000|  0%| F|  |TAMS 0x0000000783100000, 0x0000000783100000| Untracked 
|  50|0x0000000783200000, 0x0000000783200000, 0x0000000783300000|  0%| F|  |TAMS 0x0000000783200000, 0x0000000783200000| Untracked 
|  51|0x0000000783300000, 0x0000000783300000, 0x0000000783400000|  0%| F|  |TAMS 0x0000000783300000, 0x0000000783300000| Untracked 
|  52|0x0000000783400000, 0x0000000783400000, 0x0000000783500000|  0%| F|  |TAMS 0x0000000783400000, 0x0000000783400000| Untracked 
|  53|0x0000000783500000, 0x0000000783500000, 0x0000000783600000|  0%| F|  |TAMS 0x0000000783500000, 0x0000000783500000| Untracked 
|  54|0x0000000783600000, 0x0000000783600000, 0x0000000783700000|  0%| F|  |TAMS 0x0000000783600000, 0x0000000783600000| Untracked 
|  55|0x0000000783700000, 0x0000000783700000, 0x0000000783800000|  0%| F|  |TAMS 0x0000000783700000, 0x0000000783700000| Untracked 
|  56|0x0000000783800000, 0x0000000783800000, 0x0000000783900000|  0%| F|  |TAMS 0x0000000783800000, 0x0000000783800000| Untracked 
|  57|0x0000000783900000, 0x0000000783900000, 0x0000000783a00000|  0%| F|  |TAMS 0x0000000783900000, 0x0000000783900000| Untracked 
|  58|0x0000000783a00000, 0x0000000783a00000, 0x0000000783b00000|  0%| F|  |TAMS 0x0000000783a00000, 0x0000000783a00000| Untracked 
|  59|0x0000000783b00000, 0x0000000783b00000, 0x0000000783c00000|  0%| F|  |TAMS 0x0000000783b00000, 0x0000000783b00000| Untracked 
|  60|0x0000000783c00000, 0x0000000783c00000, 0x0000000783d00000|  0%| F|  |TAMS 0x0000000783c00000, 0x0000000783c00000| Untracked 
|  61|0x0000000783d00000, 0x0000000783d00000, 0x0000000783e00000|  0%| F|  |TAMS 0x0000000783d00000, 0x0000000783d00000| Untracked 
|  62|0x0000000783e00000, 0x0000000783e00000, 0x0000000783f00000|  0%| F|  |TAMS 0x0000000783e00000, 0x0000000783e00000| Untracked 
|  63|0x0000000783f00000, 0x0000000783f00000, 0x0000000784000000|  0%| F|  |TAMS 0x0000000783f00000, 0x0000000783f00000| Untracked 
|  64|0x0000000784000000, 0x0000000784000000, 0x0000000784100000|  0%| F|  |TAMS 0x0000000784000000, 0x0000000784000000| Untracked 
|  65|0x0000000784100000, 0x0000000784100000, 0x0000000784200000|  0%| F|  |TAMS 0x0000000784100000, 0x0000000784100000| Untracked 
|  66|0x0000000784200000, 0x0000000784200000, 0x0000000784300000|  0%| F|  |TAMS 0x0000000784200000, 0x0000000784200000| Untracked 
|  67|0x0000000784300000, 0x0000000784300000, 0x0000000784400000|  0%| F|  |TAMS 0x0000000784300000, 0x0000000784300000| Untracked 
|  68|0x0000000784400000, 0x0000000784400000, 0x0000000784500000|  0%| F|  |TAMS 0x0000000784400000, 0x0000000784400000| Untracked 
|  69|0x0000000784500000, 0x0000000784500000, 0x0000000784600000|  0%| F|  |TAMS 0x0000000784500000, 0x0000000784500000| Untracked 
|  70|0x0000000784600000, 0x0000000784600000, 0x0000000784700000|  0%| F|  |TAMS 0x0000000784600000, 0x0000000784600000| Untracked 
|  71|0x0000000784700000, 0x0000000784700000, 0x0000000784800000|  0%| F|  |TAMS 0x0000000784700000, 0x0000000784700000| Untracked 
|  72|0x0000000784800000, 0x0000000784800000, 0x0000000784900000|  0%| F|  |TAMS 0x0000000784800000, 0x0000000784800000| Untracked 
|  73|0x0000000784900000, 0x0000000784900000, 0x0000000784a00000|  0%| F|  |TAMS 0x0000000784900000, 0x0000000784900000| Untracked 
|  74|0x0000000784a00000, 0x0000000784a00000, 0x0000000784b00000|  0%| F|  |TAMS 0x0000000784a00000, 0x0000000784a00000| Untracked 
|  75|0x0000000784b00000, 0x0000000784b00000, 0x0000000784c00000|  0%| F|  |TAMS 0x0000000784b00000, 0x0000000784b00000| Untracked 
|  76|0x0000000784c00000, 0x0000000784c00000, 0x0000000784d00000|  0%| F|  |TAMS 0x0000000784c00000, 0x0000000784c00000| Untracked 
|  77|0x0000000784d00000, 0x0000000784d00000, 0x0000000784e00000|  0%| F|  |TAMS 0x0000000784d00000, 0x0000000784d00000| Untracked 
|  78|0x0000000784e00000, 0x0000000784e00000, 0x0000000784f00000|  0%| F|  |TAMS 0x0000000784e00000, 0x0000000784e00000| Untracked 
|  79|0x0000000784f00000, 0x0000000784f00000, 0x0000000785000000|  0%| F|  |TAMS 0x0000000784f00000, 0x0000000784f00000| Untracked 
|  80|0x0000000785000000, 0x0000000785000000, 0x0000000785100000|  0%| F|  |TAMS 0x0000000785000000, 0x0000000785000000| Untracked 
|  81|0x0000000785100000, 0x0000000785100000, 0x0000000785200000|  0%| F|  |TAMS 0x0000000785100000, 0x0000000785100000| Untracked 
|  82|0x0000000785200000, 0x0000000785200000, 0x0000000785300000|  0%| F|  |TAMS 0x0000000785200000, 0x0000000785200000| Untracked 
|  83|0x0000000785300000, 0x0000000785300000, 0x0000000785400000|  0%| F|  |TAMS 0x0000000785300000, 0x0000000785300000| Untracked 
|  84|0x0000000785400000, 0x0000000785400000, 0x0000000785500000|  0%| F|  |TAMS 0x0000000785400000, 0x0000000785400000| Untracked 
|  85|0x0000000785500000, 0x0000000785500000, 0x0000000785600000|  0%| F|  |TAMS 0x0000000785500000, 0x0000000785500000| Untracked 
|  86|0x0000000785600000, 0x0000000785600000, 0x0000000785700000|  0%| F|  |TAMS 0x0000000785600000, 0x0000000785600000| Untracked 
|  87|0x0000000785700000, 0x0000000785700000, 0x0000000785800000|  0%| F|  |TAMS 0x0000000785700000, 0x0000000785700000| Untracked 
|  88|0x0000000785800000, 0x0000000785800000, 0x0000000785900000|  0%| F|  |TAMS 0x0000000785800000, 0x0000000785800000| Untracked 
|  89|0x0000000785900000, 0x0000000785900000, 0x0000000785a00000|  0%| F|  |TAMS 0x0000000785900000, 0x0000000785900000| Untracked 
|  90|0x0000000785a00000, 0x0000000785a00000, 0x0000000785b00000|  0%| F|  |TAMS 0x0000000785a00000, 0x0000000785a00000| Untracked 
|  91|0x0000000785b00000, 0x0000000785b00000, 0x0000000785c00000|  0%| F|  |TAMS 0x0000000785b00000, 0x0000000785b00000| Untracked 
|  92|0x0000000785c00000, 0x0000000785c00000, 0x0000000785d00000|  0%| F|  |TAMS 0x0000000785c00000, 0x0000000785c00000| Untracked 
|  93|0x0000000785d00000, 0x0000000785d00000, 0x0000000785e00000|  0%| F|  |TAMS 0x0000000785d00000, 0x0000000785d00000| Untracked 
|  94|0x0000000785e00000, 0x0000000785e00000, 0x0000000785f00000|  0%| F|  |TAMS 0x0000000785e00000, 0x0000000785e00000| Untracked 
|  95|0x0000000785f00000, 0x0000000785f00000, 0x0000000786000000|  0%| F|  |TAMS 0x0000000785f00000, 0x0000000785f00000| Untracked 
|  96|0x0000000786000000, 0x0000000786000000, 0x0000000786100000|  0%| F|  |TAMS 0x0000000786000000, 0x0000000786000000| Untracked 
|  97|0x0000000786100000, 0x0000000786100000, 0x0000000786200000|  0%| F|  |TAMS 0x0000000786100000, 0x0000000786100000| Untracked 
|  98|0x0000000786200000, 0x0000000786200000, 0x0000000786300000|  0%| F|  |TAMS 0x0000000786200000, 0x0000000786200000| Untracked 
|  99|0x0000000786300000, 0x0000000786300000, 0x0000000786400000|  0%| F|  |TAMS 0x0000000786300000, 0x0000000786300000| Untracked 
| 100|0x0000000786400000, 0x0000000786400000, 0x0000000786500000|  0%| F|  |TAMS 0x0000000786400000, 0x0000000786400000| Untracked 
| 101|0x0000000786500000, 0x0000000786500000, 0x0000000786600000|  0%| F|  |TAMS 0x0000000786500000, 0x0000000786500000| Untracked 
| 102|0x0000000786600000, 0x0000000786600000, 0x0000000786700000|  0%| F|  |TAMS 0x0000000786600000, 0x0000000786600000| Untracked 
| 103|0x0000000786700000, 0x0000000786700000, 0x0000000786800000|  0%| F|  |TAMS 0x0000000786700000, 0x0000000786700000| Untracked 
| 104|0x0000000786800000, 0x0000000786800000, 0x0000000786900000|  0%| F|  |TAMS 0x0000000786800000, 0x0000000786800000| Untracked 
| 105|0x0000000786900000, 0x0000000786900000, 0x0000000786a00000|  0%| F|  |TAMS 0x0000000786900000, 0x0000000786900000| Untracked 
| 106|0x0000000786a00000, 0x0000000786a00000, 0x0000000786b00000|  0%| F|  |TAMS 0x0000000786a00000, 0x0000000786a00000| Untracked 
| 107|0x0000000786b00000, 0x0000000786b00000, 0x0000000786c00000|  0%| F|  |TAMS 0x0000000786b00000, 0x0000000786b00000| Untracked 
| 108|0x0000000786c00000, 0x0000000786c00000, 0x0000000786d00000|  0%| F|  |TAMS 0x0000000786c00000, 0x0000000786c00000| Untracked 
| 109|0x0000000786d00000, 0x0000000786d00000, 0x0000000786e00000|  0%| F|  |TAMS 0x0000000786d00000, 0x0000000786d00000| Untracked 
| 110|0x0000000786e00000, 0x0000000786e00000, 0x0000000786f00000|  0%| F|  |TAMS 0x0000000786e00000, 0x0000000786e00000| Untracked 
| 111|0x0000000786f00000, 0x0000000786f00000, 0x0000000787000000|  0%| F|  |TAMS 0x0000000786f00000, 0x0000000786f00000| Untracked 
| 112|0x0000000787000000, 0x0000000787000000, 0x0000000787100000|  0%| F|  |TAMS 0x0000000787000000, 0x0000000787000000| Untracked 
| 113|0x0000000787100000, 0x0000000787100000, 0x0000000787200000|  0%| F|  |TAMS 0x0000000787100000, 0x0000000787100000| Untracked 
| 114|0x0000000787200000, 0x0000000787200000, 0x0000000787300000|  0%| F|  |TAMS 0x0000000787200000, 0x0000000787200000| Untracked 
| 115|0x0000000787300000, 0x0000000787300000, 0x0000000787400000|  0%| F|  |TAMS 0x0000000787300000, 0x0000000787300000| Untracked 
| 116|0x0000000787400000, 0x0000000787400000, 0x0000000787500000|  0%| F|  |TAMS 0x0000000787400000, 0x0000000787400000| Untracked 
| 117|0x0000000787500000, 0x0000000787500000, 0x0000000787600000|  0%| F|  |TAMS 0x0000000787500000, 0x0000000787500000| Untracked 
| 118|0x0000000787600000, 0x00000007876e9eb8, 0x0000000787700000| 91%| E|  |TAMS 0x0000000787600000, 0x0000000787600000| Complete 
| 119|0x0000000787700000, 0x0000000787800000, 0x0000000787800000|100%| E|CS|TAMS 0x0000000787700000, 0x0000000787700000| Complete 
| 120|0x0000000787800000, 0x0000000787900000, 0x0000000787900000|100%| E|CS|TAMS 0x0000000787800000, 0x0000000787800000| Complete 
| 121|0x0000000787900000, 0x0000000787a00000, 0x0000000787a00000|100%| E|CS|TAMS 0x0000000787900000, 0x0000000787900000| Complete 
| 122|0x0000000787a00000, 0x0000000787b00000, 0x0000000787b00000|100%| E|CS|TAMS 0x0000000787a00000, 0x0000000787a00000| Complete 
| 123|0x0000000787b00000, 0x0000000787c00000, 0x0000000787c00000|100%| E|CS|TAMS 0x0000000787b00000, 0x0000000787b00000| Complete 
| 124|0x0000000787c00000, 0x0000000787d00000, 0x0000000787d00000|100%| E|  |TAMS 0x0000000787c00000, 0x0000000787c00000| Complete 
| 125|0x0000000787d00000, 0x0000000787e00000, 0x0000000787e00000|100%| E|CS|TAMS 0x0000000787d00000, 0x0000000787d00000| Complete 
| 126|0x0000000787e00000, 0x0000000787f00000, 0x0000000787f00000|100%| E|CS|TAMS 0x0000000787e00000, 0x0000000787e00000| Complete 
| 127|0x0000000787f00000, 0x0000000788000000, 0x0000000788000000|100%| E|CS|TAMS 0x0000000787f00000, 0x0000000787f00000| Complete 
|2046|0x00000007ffe00000, 0x00000007ffe76000, 0x00000007fff00000| 46%|OA|  |TAMS 0x00000007ffe00000, 0x00000007ffe00000| Untracked 
|2047|0x00000007fff00000, 0x00000007fff7f000, 0x0000000800000000| 49%|CA|  |TAMS 0x00000007fff00000, 0x00000007fff00000| Untracked 

Card table byte_map: [0x000000010a26f000,0x000000010a66f000] _byte_map_base: 0x000000010666f000

Marking Bits (Prev, Next): (CMBitMap*) 0x00007f7fda02ae10, (CMBitMap*) 0x00007f7fda02ae50
 Prev Bits: [0x000000010bc39000, 0x000000010dc39000)
 Next Bits: [0x000000010dc39000, 0x000000010fc39000)

Polling page: 0x0000000109bba000

Metaspace:

Usage:
  Non-class:      6.34 MB used.
      Class:    647.91 KB used.
       Both:      6.97 MB used.

Virtual space:
  Non-class space:        8.00 MB reserved,       6.38 MB ( 80%) committed,  1 nodes.
      Class space:        1.00 GB reserved,     768.00 KB ( <1%) committed,  1 nodes.
             Both:        1.01 GB reserved,       7.12 MB ( <1%) committed. 

Chunk freelists:
   Non-Class:  1.62 MB
       Class:  3.17 MB
        Both:  4.80 MB

MaxMetaspaceSize: unlimited
CompressedClassSpaceSize: 1.00 GB
Initial GC threshold: 21.00 MB
Current GC threshold: 21.00 MB
CDS: on
MetaspaceReclaimPolicy: balanced
 - commit_granule_bytes: 65536.
 - commit_granule_words: 8192.
 - virtual_space_node_default_size: 1048576.
 - enlarge_chunks_in_place: 1.
 - new_chunks_are_fully_committed: 0.
 - uncommit_free_chunks: 1.
 - use_allocation_guard: 0.
 - handle_deallocations: 1.


Internal statistics:

num_allocs_failed_limit: 0.
num_arena_births: 64.
num_arena_deaths: 0.
num_vsnodes_births: 2.
num_vsnodes_deaths: 0.
num_space_committed: 114.
num_space_uncommitted: 0.
num_chunks_returned_to_freelist: 0.
num_chunks_taken_from_freelist: 177.
num_chunk_merges: 0.
num_chunk_splits: 125.
num_chunks_enlarged: 84.
num_purges: 0.
num_inconsistent_stats: 0.

CodeHeap 'non-profiled nmethods': size=120032Kb used=172Kb max_used=172Kb free=119860Kb
 bounds [0x000000011fc98000, 0x000000011ff08000, 0x00000001271d0000]
CodeHeap 'profiled nmethods': size=120028Kb used=955Kb max_used=955Kb free=119072Kb
 bounds [0x0000000118761000, 0x00000001189d1000, 0x000000011fc98000]
CodeHeap 'non-nmethods': size=5700Kb used=1284Kb max_used=1288Kb free=4415Kb
 bounds [0x00000001181d0000, 0x0000000118440000, 0x0000000118761000]
 total_blobs=1187 nmethods=569 adapters=532
 compilation: enabled
              stopped_count=0, restarted_count=0
 full_count=0

Compilation events (20 events):
Event: 1.577 Thread 0x00007f7fd8826600 nmethod 559 0x0000000118847f90 code [0x0000000118848220, 0x0000000118848ca0]
Event: 1.577 Thread 0x00007f7fd8826600  560       3       java.lang.ref.Cleaner::register (25 bytes)
Event: 1.578 Thread 0x00007f7fd8826600 nmethod 560 0x0000000118849090 code [0x0000000118849280, 0x00000001188497e0]
Event: 1.578 Thread 0x00007f7fd8826600  561       3       jdk.internal.ref.CleanerImpl$PhantomCleanableRef::<init> (12 bytes)
Event: 1.578 Thread 0x00007f7fd8826600 nmethod 561 0x0000000118849a10 code [0x0000000118849bc0, 0x0000000118849d60]
Event: 1.581 Thread 0x00007f7fd8826000 nmethod 558 0x000000011fcc1a90 code [0x000000011fcc1c40, 0x000000011fcc22c8]
Event: 1.581 Thread 0x00007f7fd8826000  562       4       java.lang.String::indexOf (29 bytes)
Event: 1.582 Thread 0x00007f7fd8826000 nmethod 562 0x000000011fcc2690 code [0x000000011fcc2820, 0x000000011fcc2a38]
Event: 1.736 Thread 0x00007f7fd8826600  563       3       jdk.internal.access.SharedSecrets::javaUtilJarAccess (19 bytes)
Event: 1.737 Thread 0x00007f7fd8826600 nmethod 563 0x0000000118849e10 code [0x000000011884a000, 0x000000011884a3c0]
Event: 1.741 Thread 0x00007f7fd8826600  565       3       java.io.File::exists (34 bytes)
Event: 1.742 Thread 0x00007f7fd8826600 nmethod 565 0x000000011884a590 code [0x000000011884a780, 0x000000011884ac40]
Event: 1.752 Thread 0x00007f7fd8826600  566       3       java.io.UnixFileSystem::resolve (101 bytes)
Event: 1.754 Thread 0x00007f7fd8826600 nmethod 566 0x000000011884ae10 code [0x000000011884b220, 0x000000011884c890]
Event: 1.755 Thread 0x00007f7fd8826600  567   !   3       jdk.internal.loader.BuiltinClassLoader::findClassOnClassPathOrNull (64 bytes)
Event: 1.756 Thread 0x00007f7fd8826600 nmethod 567 0x000000011884cf90 code [0x000000011884d360, 0x000000011884eae0]
Event: 1.756 Thread 0x00007f7fd8826600  568       3       java.io.RandomAccessFile::readFully (45 bytes)
Event: 1.757 Thread 0x00007f7fd8826600 nmethod 568 0x000000011884f390 code [0x000000011884f560, 0x000000011884f8d0]
Event: 1.764 Thread 0x00007f7fd8826600  569       3       java.util.jar.JarFile::getManifest (5 bytes)
Event: 1.765 Thread 0x00007f7fd8826600 nmethod 569 0x000000011884fa90 code [0x000000011884fc40, 0x000000011884fd80]

GC Heap History (0 events):
No events

Deoptimization events (12 events):
Event: 1.022 Thread 0x00007f7fd980b600 DEOPT PACKING pc=0x0000000118767cda sp=0x000070000bc69230
Event: 1.022 Thread 0x00007f7fd980b600 DEOPT UNPACKING pc=0x000000011822282f sp=0x000070000bc68670 mode 0
Event: 1.073 Thread 0x00007f7fd980b600 DEOPT PACKING pc=0x00000001187ac0ee sp=0x000070000bc6aed0
Event: 1.073 Thread 0x00007f7fd980b600 DEOPT UNPACKING pc=0x000000011822282f sp=0x000070000bc6a340 mode 0
Event: 1.113 Thread 0x00007f7fd980b600 Uncommon trap: trap_request=0xffffff45 fr.pc=0x000000011fca7f7c relative=0x000000000000005c
Event: 1.113 Thread 0x00007f7fd980b600 Uncommon trap: reason=unstable_if action=reinterpret pc=0x000000011fca7f7c method=java.lang.String.isLatin1()Z @ 10 c2
Event: 1.113 Thread 0x00007f7fd980b600 DEOPT PACKING pc=0x000000011fca7f7c sp=0x000070000bc6b230
Event: 1.113 Thread 0x00007f7fd980b600 DEOPT UNPACKING pc=0x0000000118222099 sp=0x000070000bc6b1e0 mode 2
Event: 1.122 Thread 0x00007f7fd980b600 Uncommon trap: trap_request=0xffffff45 fr.pc=0x000000011fcb83e8 relative=0x00000000000001c8
Event: 1.122 Thread 0x00007f7fd980b600 Uncommon trap: reason=unstable_if action=reinterpret pc=0x000000011fcb83e8 method=java.lang.String.startsWith(Ljava/lang/String;I)Z @ 1 c2
Event: 1.122 Thread 0x00007f7fd980b600 DEOPT PACKING pc=0x000000011fcb83e8 sp=0x000070000bc6a940
Event: 1.122 Thread 0x00007f7fd980b600 DEOPT UNPACKING pc=0x0000000118222099 sp=0x000070000bc6a8c8 mode 2

Classes unloaded (0 events):
No events

Classes redefined (0 events):
No events

Internal exceptions (9 events):
Event: 0.387 Thread 0x00007f7fd980b600 Exception <a 'java/lang/ClassNotFoundException'{0x0000000787e054d0}: sun/awt/resources/spi/awtProvider> (0x0000000787e054d0) 
thrown [open/src/hotspot/share/classfile/systemDictionary.cpp, line 256]
Event: 0.455 Thread 0x00007f7fd980b600 Exception <a 'java/io/FileNotFoundException'{0x0000000787e9a2c0}> (0x0000000787e9a2c0) 
thrown [open/src/hotspot/share/prims/jni.cpp, line 516]
Event: 0.465 Thread 0x00007f7fd980b600 Exception <a 'java/io/FileNotFoundException'{0x0000000787ec6fd8}> (0x0000000787ec6fd8) 
thrown [open/src/hotspot/share/prims/jni.cpp, line 516]
Event: 0.467 Thread 0x00007f7fd980b600 Exception <a 'java/lang/NoSuchMethodError'{0x0000000787ec8660}: 'java.lang.Object java.lang.invoke.DirectMethodHandle$Holder.invokeStaticInit(java.lang.Object)'> (0x0000000787ec8660) 
thrown [open/src/hotspot/share/interpreter/linkResolver.cpp, line 766]
Event: 0.472 Thread 0x00007f7fd980b600 Exception <a 'java/lang/ClassNotFoundException'{0x0000000787ece9f8}: sun/awt/resources/spi/awtosxProvider> (0x0000000787ece9f8) 
thrown [open/src/hotspot/share/classfile/systemDictionary.cpp, line 256]
Event: 0.846 Thread 0x00007f7fd980b600 Exception <a 'java/lang/NoSuchMethodError'{0x0000000787d83028}: 'void java.lang.invoke.DirectMethodHandle$Holder.invokeStatic(java.lang.Object, java.lang.Object)'> (0x0000000787d83028) 
thrown [open/src/hotspot/share/interpreter/linkResolver.cpp, line 766]
Event: 1.059 Thread 0x00007f7fd980b600 Exception <a 'java/lang/NoSuchMethodError'{0x00000007879427d8}: 'java.lang.Object java.lang.invoke.DirectMethodHandle$Holder.invokeInterface(java.lang.Object, java.lang.Object)'> (0x00000007879427d8) 
thrown [open/src/hotspot/share/interpreter/linkResolver.cpp, line 766]
Event: 1.059 Thread 0x00007f7fd980b600 Exception <a 'java/lang/IncompatibleClassChangeError'{0x0000000787946338}: Found class java.lang.Object, but interface was expected> (0x0000000787946338) 
thrown [open/src/hotspot/share/interpreter/linkResolver.cpp, line 833]
Event: 1.161 Thread 0x00007f7fd980b600 Exception <a 'java/lang/UnsatisfiedLinkError'{0x0000000787882b68}: 'boolean com.jogamp.common.util.JarUtil.fixNativeLibAttribs(java.lang.String)'> (0x0000000787882b68) 
thrown [open/src/hotspot/share/prims/nativeLookup.cpp, line 543]

VM Operations (6 events):
Event: 0.750 Executing VM operation: HandshakeAllThreads
Event: 0.750 Executing VM operation: HandshakeAllThreads done
Event: 1.159 Executing VM operation: HandshakeAllThreads
Event: 1.159 Executing VM operation: HandshakeAllThreads done
Event: 1.159 Executing VM operation: Cleanup
Event: 1.159 Executing VM operation: Cleanup done

Events (20 events):
Event: 1.492 loading class java/awt/MenuComponent
Event: 1.492 loading class java/awt/MenuComponent done
Event: 1.492 loading class java/awt/event/InputMethodEvent
Event: 1.492 loading class java/awt/event/InputMethodEvent done
Event: 1.492 loading class java/awt/event/ActionEvent
Event: 1.492 loading class java/awt/event/ActionEvent done
Event: 1.492 loading class sun/awt/HeadlessToolkit
Event: 1.492 loading class sun/awt/HeadlessToolkit done
Event: 1.493 loading class sun/lwawt/macosx/NamedCursor
Event: 1.493 loading class sun/lwawt/macosx/NamedCursor done
Event: 1.494 loading class java/util/concurrent/locks/AbstractQueuedSynchronizer$ConditionNode
Event: 1.494 loading class java/util/concurrent/ForkJoinPool$ManagedBlocker
Event: 1.494 loading class java/util/concurrent/ForkJoinPool$ManagedBlocker done
Event: 1.494 loading class java/util/concurrent/locks/AbstractQueuedSynchronizer$Node
Event: 1.494 loading class java/util/concurrent/locks/AbstractQueuedSynchronizer$Node done
Event: 1.494 loading class java/util/concurrent/locks/AbstractQueuedSynchronizer$ConditionNode done
Event: 1.566 Loaded shared library /private/var/folders/tf/wnsfvzw51wl62l0wh0wmz7s80000gn/T/jogamp_0000/file_cache/jln6024500534857221993/jln7690050405245243436/natives/macosx-universal/libnativewindow_macosx.jnilib
Event: 1.567 loading class java/lang/CloneNotSupportedException
Event: 1.567 loading class java/lang/CloneNotSupportedException done
Event: 1.734 Loaded shared library /private/var/folders/tf/wnsfvzw51wl62l0wh0wmz7s80000gn/T/jogamp_0000/file_cache/jln6024500534857221993/jln7690050405245243436/natives/macosx-universal/libnewt.jnilib


Dynamic libraries:
0x0000000109bbc000 	/Library/Java/JavaVirtualMachines/jdk-17.jdk/Contents/Home/lib/libjli.dylib
0x00007ff8227d8000 	/usr/lib/libz.1.dylib
0x00007ff8228b8000 	/usr/lib/libSystem.B.dylib
0x00007ff8228b3000 	/usr/lib/system/libcache.dylib
0x00007ff82286f000 	/usr/lib/system/libcommonCrypto.dylib
0x00007ff822898000 	/usr/lib/system/libcompiler_rt.dylib
0x00007ff82288e000 	/usr/lib/system/libcopyfile.dylib
0x00007ff8178c6000 	/usr/lib/system/libcorecrypto.dylib
0x00007ff817985000 	/usr/lib/system/libdispatch.dylib
0x00007ff817b44000 	/usr/lib/system/libdyld.dylib
0x00007ff8228aa000 	/usr/lib/system/libkeymgr.dylib
0x00007ff82284d000 	/usr/lib/system/libmacho.dylib
0x00007ff821ed9000 	/usr/lib/system/libquarantine.dylib
0x00007ff8228a8000 	/usr/lib/system/libremovefile.dylib
0x00007ff81caab000 	/usr/lib/system/libsystem_asl.dylib
0x00007ff817874000 	/usr/lib/system/libsystem_blocks.dylib
0x00007ff817a09000 	/usr/lib/system/libsystem_c.dylib
0x00007ff8228a0000 	/usr/lib/system/libsystem_collections.dylib
0x00007ff821181000 	/usr/lib/system/libsystem_configuration.dylib
0x00007ff82043e000 	/usr/lib/system/libsystem_containermanager.dylib
0x00007ff82258a000 	/usr/lib/system/libsystem_coreservices.dylib
0x00007ff81a16e000 	/usr/lib/system/libsystem_darwin.dylib
0x00007ff8228ab000 	/usr/lib/system/libsystem_dnssd.dylib
0x00007ff817a06000 	/usr/lib/system/libsystem_featureflags.dylib
0x00007ff817b5a000 	/usr/lib/system/libsystem_info.dylib
0x00007ff8227eb000 	/usr/lib/system/libsystem_m.dylib
0x00007ff817959000 	/usr/lib/system/libsystem_malloc.dylib
0x00007ff81ca48000 	/usr/lib/system/libsystem_networkextension.dylib
0x00007ff81a596000 	/usr/lib/system/libsystem_notify.dylib
0x00007ff828a28000 	/usr/lib/system/libsystem_product_info_filter.dylib
0x00007ff821185000 	/usr/lib/system/libsystem_sandbox.dylib
0x00007ff8228a5000 	/usr/lib/system/libsystem_secinit.dylib
0x00007ff817b01000 	/usr/lib/system/libsystem_kernel.dylib
0x00007ff817b50000 	/usr/lib/system/libsystem_platform.dylib
0x00007ff817b38000 	/usr/lib/system/libsystem_pthread.dylib
0x00007ff81e303000 	/usr/lib/system/libsystem_symptoms.dylib
0x00007ff8178ad000 	/usr/lib/system/libsystem_trace.dylib
0x00007ff82287b000 	/usr/lib/system/libunwind.dylib
0x00007ff817876000 	/usr/lib/system/libxpc.dylib
0x00007ff817aeb000 	/usr/lib/libc++abi.dylib
0x00007ff8179cc000 	/usr/lib/libobjc.A.dylib
0x00007ff822886000 	/usr/lib/liboah.dylib
0x00007ff817a92000 	/usr/lib/libc++.1.dylib
0x00007ff82e783000 	/System/Library/Frameworks/Cocoa.framework/Versions/A/Cocoa
0x00007ff81a5f4000 	/System/Library/Frameworks/AppKit.framework/Versions/C/AppKit
0x00007ff81daf0000 	/System/Library/Frameworks/CoreData.framework/Versions/A/CoreData
0x00007ff818a0b000 	/System/Library/Frameworks/Foundation.framework/Versions/C/Foundation
0x00007ff81b486000 	/System/Library/PrivateFrameworks/UIFoundation.framework/Versions/A/UIFoundation
0x00007ff82872f000 	/System/Library/PrivateFrameworks/RemoteViewServices.framework/Versions/A/RemoteViewServices
0x00007ff820b1a000 	/System/Library/PrivateFrameworks/XCTTargetBootstrap.framework/Versions/A/XCTTargetBootstrap
0x00007ff8246c8000 	/System/Library/PrivateFrameworks/InternationalSupport.framework/Versions/A/InternationalSupport
0x00007ff824752000 	/System/Library/PrivateFrameworks/UserActivity.framework/Versions/A/UserActivity
0x00007ff823aa8000 	/usr/lib/libspindump.dylib
0x00007ff81b714000 	/System/Library/Frameworks/UniformTypeIdentifiers.framework/Versions/A/UniformTypeIdentifiers
0x00007ff81f253000 	/usr/lib/libapp_launch_measurement.dylib
0x00007ff81e4bc000 	/System/Library/PrivateFrameworks/CoreAnalytics.framework/Versions/A/CoreAnalytics
0x00007ff81f256000 	/System/Library/PrivateFrameworks/CoreAutoLayout.framework/Versions/A/CoreAutoLayout
0x00007ff820476000 	/System/Library/Frameworks/Metal.framework/Versions/A/Metal
0x00007ff821190000 	/usr/lib/liblangid.dylib
0x00007ff820b1e000 	/System/Library/PrivateFrameworks/CoreSVG.framework/Versions/A/CoreSVG
0x00007ff81cadb000 	/System/Library/PrivateFrameworks/SkyLight.framework/Versions/A/SkyLight
0x00007ff81ce71000 	/System/Library/Frameworks/CoreGraphics.framework/Versions/A/CoreGraphics
0x00007ff828d9e000 	/System/Library/Frameworks/Accelerate.framework/Versions/A/Accelerate
0x00007ff823523000 	/System/Library/PrivateFrameworks/IconServices.framework/Versions/A/IconServices
0x00007ff82045b000 	/System/Library/Frameworks/IOSurface.framework/Versions/A/IOSurface
0x00007ff81e4ea000 	/usr/lib/libDiagnosticMessagesClient.dylib
0x00007ff82c40f000 	/System/Library/Frameworks/ApplicationServices.framework/Versions/A/ApplicationServices
0x00007ff820b06000 	/System/Library/PrivateFrameworks/DFRFoundation.framework/Versions/A/DFRFoundation
0x00007ff819ee5000 	/usr/lib/libicucore.A.dylib
0x00007ff8253ed000 	/System/Library/Frameworks/AudioToolbox.framework/Versions/A/AudioToolbox
0x00007ff8246d4000 	/System/Library/PrivateFrameworks/DataDetectorsCore.framework/Versions/A/DataDetectorsCore
0x00007ff92002c000 	/System/Library/PrivateFrameworks/TextInput.framework/Versions/A/TextInput
0x00007ff81ca5f000 	/usr/lib/libMobileGestalt.dylib
0x00007ff82080e000 	/System/Library/Frameworks/Carbon.framework/Versions/A/Frameworks/HIToolbox.framework/Versions/A/HIToolbox
0x00007ff81ec80000 	/System/Library/Frameworks/QuartzCore.framework/Versions/A/QuartzCore
0x00007ff819b85000 	/System/Library/Frameworks/Security.framework/Versions/A/Security
0x00007ff828767000 	/System/Library/Frameworks/Carbon.framework/Versions/A/Frameworks/SpeechRecognition.framework/Versions/A/SpeechRecognition
0x00007ff81efb3000 	/System/Library/PrivateFrameworks/CoreUI.framework/Versions/A/CoreUI
0x00007ff81945d000 	/System/Library/Frameworks/CoreAudio.framework/Versions/A/CoreAudio
0x00007ff81e5d8000 	/System/Library/Frameworks/DiskArbitration.framework/Versions/A/DiskArbitration
0x00007ff823e8f000 	/System/Library/PrivateFrameworks/MultitouchSupport.framework/Versions/A/MultitouchSupport
0x00007ff81ca5e000 	/usr/lib/libenergytrace.dylib
0x00007ff81a4e0000 	/System/Library/Frameworks/IOKit.framework/Versions/A/IOKit
0x00007ff828b53000 	/System/Library/Frameworks/CoreServices.framework/Versions/A/CoreServices
0x00007ff81f1ed000 	/System/Library/PrivateFrameworks/PerformanceAnalysis.framework/Versions/A/PerformanceAnalysis
0x00007ffa2f7fc000 	/System/Library/Frameworks/OpenGL.framework/Versions/A/OpenGL
0x00007ff821e05000 	/System/Library/PrivateFrameworks/MobileKeyBag.framework/Versions/A/MobileKeyBag
0x00007ff81d53d000 	/System/Library/Frameworks/ColorSync.framework/Versions/A/ColorSync
0x00007ff817b85000 	/System/Library/Frameworks/CoreFoundation.framework/Versions/A/CoreFoundation
0x00007ff820d97000 	/System/Library/Frameworks/CoreImage.framework/Versions/A/CoreImage
0x00007ff819273000 	/System/Library/Frameworks/CoreText.framework/Versions/A/CoreText
0x00007ff820b4d000 	/System/Library/Frameworks/ImageIO.framework/Versions/A/ImageIO
0x00007ff8228be000 	/System/Library/PrivateFrameworks/SoftLinking.framework/Versions/A/SoftLinking
0x00007ff81f29e000 	/usr/lib/libxml2.2.dylib
0x00007ff822b42000 	/usr/lib/libcompression.dylib
0x00007ff8245fe000 	/System/Library/PrivateFrameworks/TextureIO.framework/Versions/A/TextureIO
0x00007ff823235000 	/usr/lib/libate.dylib
0x00007ff823013000 	/usr/lib/liblzma.5.dylib
0x00007ff81871c000 	/System/Library/Frameworks/SystemConfiguration.framework/Versions/A/SystemConfiguration
0x00007ff8228ba000 	/usr/lib/libfakelink.dylib
0x00007ff81c5b1000 	/System/Library/Frameworks/CFNetwork.framework/Versions/A/CFNetwork
0x00007ff8229f9000 	/usr/lib/libarchive.2.dylib
0x00007ff82118c000 	/System/Library/PrivateFrameworks/AppleSystemInfo.framework/Versions/A/AppleSystemInfo
0x00007ff821f00000 	/usr/lib/libbsm.0.dylib
0x00007ff81bbe7000 	/usr/lib/libnetwork.dylib
0x00007ff822853000 	/usr/lib/system/libkxld.dylib
0x00007ff821b2e000 	/System/Library/PrivateFrameworks/IOMobileFramebuffer.framework/Versions/A/IOMobileFramebuffer
0x00007ffb2d621000 	/usr/lib/libCoreEntitlements.dylib
0x00007ff82256c000 	/System/Library/PrivateFrameworks/AppleFSCompression.framework/Versions/A/AppleFSCompression
0x00007ff821ee8000 	/usr/lib/libcoretls.dylib
0x00007ff82302d000 	/usr/lib/libcoretls_cfhelpers.dylib
0x00007ff822b3d000 	/usr/lib/libpam.2.dylib
0x00007ff81df25000 	/usr/lib/libsqlite3.dylib
0x00007ff82309c000 	/usr/lib/libxar.1.dylib
0x00007ff82257c000 	/usr/lib/libbz2.1.0.dylib
0x00007ff8228bf000 	/usr/lib/libpcap.A.dylib
0x00007ff81e2fa000 	/usr/lib/libdns_services.dylib
0x00007ff822b0c000 	/usr/lib/libapple_nghttp2.dylib
0x00007ff8228f6000 	/usr/lib/libiconv.2.dylib
0x00007ff82284c000 	/usr/lib/libcharset.1.dylib
0x00007ff81f221000 	/System/Library/Frameworks/CoreServices.framework/Versions/A/Frameworks/FSEvents.framework/Versions/A/FSEvents
0x00007ff81a178000 	/System/Library/Frameworks/CoreServices.framework/Versions/A/Frameworks/CarbonCore.framework/Versions/A/CarbonCore
0x00007ff81e53d000 	/System/Library/Frameworks/CoreServices.framework/Versions/A/Frameworks/Metadata.framework/Versions/A/Metadata
0x00007ff82258f000 	/System/Library/Frameworks/CoreServices.framework/Versions/A/Frameworks/OSServices.framework/Versions/A/OSServices
0x00007ff822a80000 	/System/Library/Frameworks/CoreServices.framework/Versions/A/Frameworks/SearchKit.framework/Versions/A/SearchKit
0x00007ff81e28c000 	/System/Library/Frameworks/CoreServices.framework/Versions/A/Frameworks/AE.framework/Versions/A/AE
0x00007ff818088000 	/System/Library/Frameworks/CoreServices.framework/Versions/A/Frameworks/LaunchServices.framework/Versions/A/LaunchServices
0x00007ff822fc4000 	/System/Library/Frameworks/CoreServices.framework/Versions/A/Frameworks/DictionaryServices.framework/Versions/A/DictionaryServices
0x00007ff81f22e000 	/System/Library/Frameworks/CoreServices.framework/Versions/A/Frameworks/SharedFileList.framework/Versions/A/SharedFileList
0x00007ff821edc000 	/usr/lib/libCheckFix.dylib
0x00007ff81cac2000 	/System/Library/PrivateFrameworks/TCC.framework/Versions/A/TCC
0x00007ff821192000 	/System/Library/PrivateFrameworks/CoreNLP.framework/Versions/A/CoreNLP
0x00007ff81e4ed000 	/System/Library/PrivateFrameworks/MetadataUtilities.framework/Versions/A/MetadataUtilities
0x00007ff8187cc000 	/usr/lib/libmecabra.dylib
0x00007ff821f10000 	/usr/lib/libmecab.dylib
0x00007ff818797000 	/usr/lib/libCRFSuite.dylib
0x00007ff821f6d000 	/usr/lib/libgermantok.dylib
0x00007ff822ae7000 	/usr/lib/libThaiTokenizer.dylib
0x00007ff81e5df000 	/System/Library/Frameworks/Accelerate.framework/Versions/A/Frameworks/vImage.framework/Versions/A/vImage
0x00007ff828b2a000 	/System/Library/Frameworks/Accelerate.framework/Versions/A/Frameworks/vecLib.framework/Versions/A/vecLib
0x00007ff8230dd000 	/System/Library/Frameworks/Accelerate.framework/Versions/A/Frameworks/vecLib.framework/Versions/A/libvMisc.dylib
0x00007ff82194c000 	/System/Library/Frameworks/Accelerate.framework/Versions/A/Frameworks/vecLib.framework/Versions/A/libvDSP.dylib
0x00007ff818400000 	/System/Library/Frameworks/Accelerate.framework/Versions/A/Frameworks/vecLib.framework/Versions/A/libBLAS.dylib
0x00007ff822c1e000 	/System/Library/Frameworks/Accelerate.framework/Versions/A/Frameworks/vecLib.framework/Versions/A/libLAPACK.dylib
0x00007ff821f70000 	/System/Library/Frameworks/Accelerate.framework/Versions/A/Frameworks/vecLib.framework/Versions/A/libLinearAlgebra.dylib
0x00007ff822b25000 	/System/Library/Frameworks/Accelerate.framework/Versions/A/Frameworks/vecLib.framework/Versions/A/libSparseBLAS.dylib
0x00007ff822c18000 	/System/Library/Frameworks/Accelerate.framework/Versions/A/Frameworks/vecLib.framework/Versions/A/libQuadrature.dylib
0x00007ff82127c000 	/System/Library/Frameworks/Accelerate.framework/Versions/A/Frameworks/vecLib.framework/Versions/A/libBNNS.dylib
0x00007ff8186ad000 	/System/Library/Frameworks/Accelerate.framework/Versions/A/Frameworks/vecLib.framework/Versions/A/libSparse.dylib
0x00007ff821275000 	/System/Library/PrivateFrameworks/LinguisticData.framework/Versions/A/LinguisticData
0x00007ff818662000 	/System/Library/PrivateFrameworks/Lexicon.framework/Versions/A/Lexicon
0x00007ff8230d6000 	/usr/lib/libChineseTokenizer.dylib
0x00007ff818dc6000 	/System/Library/PrivateFrameworks/LanguageModeling.framework/Versions/A/LanguageModeling
0x00007ff822ae9000 	/System/Library/PrivateFrameworks/AppleSauce.framework/Versions/A/AppleSauce
0x00007ff821b1c000 	/System/Library/PrivateFrameworks/CoreEmoji.framework/Versions/A/CoreEmoji
0x00007ff8229e8000 	/usr/lib/libcmph.dylib
0x00007ff81f205000 	/System/Library/Frameworks/OpenDirectory.framework/Versions/A/Frameworks/CFOpenDirectory.framework/Versions/A/CFOpenDirectory
0x00007ff81f1f9000 	/System/Library/Frameworks/OpenDirectory.framework/Versions/A/OpenDirectory
0x00007ff82302f000 	/System/Library/PrivateFrameworks/APFS.framework/Versions/A/APFS
0x00007ff821e3d000 	/System/Library/Frameworks/SecurityFoundation.framework/Versions/A/SecurityFoundation
0x00007ff8230aa000 	/usr/lib/libutil.dylib
0x00007ff81a4a3000 	/System/Library/PrivateFrameworks/CoreServicesStore.framework/Versions/A/CoreServicesStore
0x00007ff8230ae000 	/usr/lib/libxslt.1.dylib
0x00007ff821eca000 	/System/Library/PrivateFrameworks/BackgroundTaskManagement.framework/Versions/A/BackgroundTaskManagement
0x00007ff82451e000 	/System/Library/Frameworks/ImageIO.framework/Versions/A/Resources/libRadiance.dylib
0x00007ff824527000 	/System/Library/Frameworks/ImageIO.framework/Versions/A/Resources/libJPEG.dylib
0x00007ff824477000 	/System/Library/Frameworks/ImageIO.framework/Versions/A/Resources/libPng.dylib
0x00007ff824498000 	/System/Library/Frameworks/ImageIO.framework/Versions/A/Resources/libTIFF.dylib
0x00007ff824587000 	/System/Library/Frameworks/ImageIO.framework/Versions/A/Resources/libGIF.dylib
0x00007ff823da8000 	/System/Library/Frameworks/ImageIO.framework/Versions/A/Resources/libJP2.dylib
0x00007ff8234ea000 	/usr/lib/libexpat.1.dylib
0x00007ff823d5d000 	/System/Library/PrivateFrameworks/AppleJPEG.framework/Versions/A/AppleJPEG
0x00007ff8206d1000 	/System/Library/PrivateFrameworks/FontServices.framework/libFontParser.dylib
0x00007ff81e236000 	/System/Library/PrivateFrameworks/RunningBoardServices.framework/Versions/A/RunningBoardServices
0x00007ff82ecff000 	/System/Library/PrivateFrameworks/IOSurfaceAccelerator.framework/Versions/A/IOSurfaceAccelerator
0x00007ff823e8b000 	/System/Library/PrivateFrameworks/WatchdogClient.framework/Versions/A/WatchdogClient
0x00007ff818eb5000 	/System/Library/Frameworks/CoreDisplay.framework/Versions/A/CoreDisplay
0x00007ff8205d0000 	/System/Library/Frameworks/CoreMedia.framework/Versions/A/CoreMedia
0x00007ff82046d000 	/System/Library/PrivateFrameworks/IOAccelerator.framework/Versions/A/IOAccelerator
0x00007ff81f381000 	/System/Library/Frameworks/CoreVideo.framework/Versions/A/CoreVideo
0x00007ff822b3b000 	/System/Library/Frameworks/MetalPerformanceShaders.framework/Versions/A/MetalPerformanceShaders
0x00007ff823ec6000 	/System/Library/Frameworks/VideoToolbox.framework/Versions/A/VideoToolbox
0x00007ff81e17e000 	/System/Library/PrivateFrameworks/BaseBoard.framework/Versions/A/BaseBoard
0x00007ff81df0b000 	/System/Library/PrivateFrameworks/ProtocolBuffer.framework/Versions/A/ProtocolBuffer
0x00007ff824517000 	/System/Library/PrivateFrameworks/GPUWrangler.framework/Versions/A/GPUWrangler
0x00007ff8244fa000 	/System/Library/PrivateFrameworks/IOPresentment.framework/Versions/A/IOPresentment
0x00007ff824521000 	/System/Library/PrivateFrameworks/DSExternalDisplay.framework/Versions/A/DSExternalDisplay
0x00007ffa2f7f0000 	/System/Library/Frameworks/OpenGL.framework/Versions/A/Libraries/libCoreFSCache.dylib
0x00007ffb1b891000 	/System/Library/PrivateFrameworks/GPUCompiler.framework/Versions/31001/Libraries/libGPUCompilerUtils.dylib
0x00007ff82458c000 	/System/Library/PrivateFrameworks/CMCaptureCore.framework/Versions/A/CMCaptureCore
0x00007ff823a96000 	/System/Library/PrivateFrameworks/AppServerSupport.framework/Versions/A/AppServerSupport
0x00007ff825c73000 	/System/Library/PrivateFrameworks/perfdata.framework/Versions/A/perfdata
0x00007ff818fe1000 	/System/Library/PrivateFrameworks/AudioToolboxCore.framework/Versions/A/AudioToolboxCore
0x00007ff8205ad000 	/System/Library/PrivateFrameworks/caulk.framework/Versions/A/caulk
0x00007ff825597000 	/usr/lib/libAudioStatistics.dylib
0x00007ff91c8ba000 	/System/Library/PrivateFrameworks/SystemPolicy.framework/Versions/A/SystemPolicy
0x00007ff8257ec000 	/usr/lib/libSMC.dylib
0x00007ff82e636000 	/System/Library/Frameworks/CoreMIDI.framework/Versions/A/CoreMIDI
0x00007ff824447000 	/usr/lib/libAudioToolboxUtility.dylib
0x00007ff918ccc000 	/System/Library/PrivateFrameworks/OSAServicesClient.framework/Versions/A/OSAServicesClient
0x00007ff825c80000 	/usr/lib/libperfcheck.dylib
0x00007ff91d34c000 	/usr/lib/libmis.dylib
0x00007ffa2f84c000 	/System/Library/Frameworks/OpenGL.framework/Versions/A/Libraries/libGLU.dylib
0x00007ffa2f80f000 	/System/Library/Frameworks/OpenGL.framework/Versions/A/Libraries/libGFXShared.dylib
0x00007ffa2fa1d000 	/System/Library/Frameworks/OpenGL.framework/Versions/A/Libraries/libGL.dylib
0x00007ffa2f818000 	/System/Library/Frameworks/OpenGL.framework/Versions/A/Libraries/libGLImage.dylib
0x00007ffa2f80c000 	/System/Library/Frameworks/OpenGL.framework/Versions/A/Libraries/libCVMSPluginSupport.dylib
0x00007ffa2f7f7000 	/System/Library/Frameworks/OpenGL.framework/Versions/A/Libraries/libCoreVMClient.dylib
0x00007ff821110000 	/System/Library/Frameworks/MetalPerformanceShaders.framework/Versions/A/Frameworks/MPSCore.framework/Versions/A/MPSCore
0x00007ff8224d7000 	/System/Library/Frameworks/MetalPerformanceShaders.framework/Versions/A/Frameworks/MPSImage.framework/Versions/A/MPSImage
0x00007ff821f86000 	/System/Library/Frameworks/MetalPerformanceShaders.framework/Versions/A/Frameworks/MPSNeuralNetwork.framework/Versions/A/MPSNeuralNetwork
0x00007ff8223fb000 	/System/Library/Frameworks/MetalPerformanceShaders.framework/Versions/A/Frameworks/MPSMatrix.framework/Versions/A/MPSMatrix
0x00007ff8221b7000 	/System/Library/Frameworks/MetalPerformanceShaders.framework/Versions/A/Frameworks/MPSRayIntersector.framework/Versions/A/MPSRayIntersector
0x00007ff822434000 	/System/Library/Frameworks/MetalPerformanceShaders.framework/Versions/A/Frameworks/MPSNDArray.framework/Versions/A/MPSNDArray
0x00007ffa34411000 	/System/Library/Frameworks/MetalPerformanceShaders.framework/Versions/A/Frameworks/MPSFunctions.framework/Versions/A/MPSFunctions
0x00007ff8182e3000 	/System/Library/PrivateFrameworks/MetalTools.framework/Versions/A/MetalTools
0x00007ff82118a000 	/System/Library/PrivateFrameworks/AggregateDictionary.framework/Versions/A/AggregateDictionary
0x00007ff8232cc000 	/usr/lib/libIOReport.dylib
0x00007ffa30e2c000 	/System/Library/Frameworks/OpenCL.framework/Versions/A/OpenCL
0x00007ff823630000 	/System/Library/PrivateFrameworks/FaceCore.framework/Versions/A/FaceCore
0x00007ff823621000 	/System/Library/PrivateFrameworks/GraphVisualizer.framework/Versions/A/GraphVisualizer
0x00007ffb1b79c000 	/System/Library/PrivateFrameworks/FontServices.framework/Versions/A/FontServices
0x00007ff823a4d000 	/System/Library/PrivateFrameworks/OTSVG.framework/Versions/A/OTSVG
0x00007ff81ef69000 	/System/Library/Frameworks/ApplicationServices.framework/Versions/A/Frameworks/ATS.framework/Versions/A/Resources/libFontRegistry.dylib
0x00007ff823a9e000 	/System/Library/PrivateFrameworks/FontServices.framework/libhvf.dylib
0x00007ffb1b79d000 	/System/Library/PrivateFrameworks/FontServices.framework/libXTFontStaticRegistryData.dylib
0x00007ff82349a000 	/System/Library/PrivateFrameworks/AppleVA.framework/Versions/A/AppleVA
0x00007ff8255bb000 	/System/Library/Frameworks/ApplicationServices.framework/Versions/A/Frameworks/ATS.framework/Versions/A/ATS
0x00007ff81d639000 	/System/Library/Frameworks/ApplicationServices.framework/Versions/A/Frameworks/HIServices.framework/Versions/A/HIServices
0x00007ff824596000 	/System/Library/Frameworks/ApplicationServices.framework/Versions/A/Frameworks/PrintCore.framework/Versions/A/PrintCore
0x00007ff82593f000 	/System/Library/Frameworks/ApplicationServices.framework/Versions/A/Frameworks/QD.framework/Versions/A/QD
0x00007ff825937000 	/System/Library/Frameworks/ApplicationServices.framework/Versions/A/Frameworks/ColorSyncLegacy.framework/Versions/A/ColorSyncLegacy
0x00007ff8255ab000 	/System/Library/Frameworks/ApplicationServices.framework/Versions/A/Frameworks/SpeechSynthesis.framework/Versions/A/SpeechSynthesis
0x00007ff824557000 	/System/Library/Frameworks/ApplicationServices.framework/Versions/A/Frameworks/ATSUI.framework/Versions/A/ATSUI
0x00007ff8258cc000 	/usr/lib/libcups.2.dylib
0x00007ff825c8f000 	/System/Library/Frameworks/Kerberos.framework/Versions/A/Kerberos
0x00007ff825c9e000 	/System/Library/Frameworks/GSS.framework/Versions/A/GSS
0x00007ff825627000 	/usr/lib/libresolv.9.dylib
0x00007ff823aad000 	/System/Library/PrivateFrameworks/Heimdal.framework/Versions/A/Heimdal
0x00007ff82c78c000 	/System/Library/Frameworks/Kerberos.framework/Versions/A/Libraries/libHeimdalProxy.dylib
0x00007ff81e30b000 	/System/Library/Frameworks/Network.framework/Versions/A/Network
0x00007ff823504000 	/usr/lib/libheimdal-asn1.dylib
0x00007ff825cea000 	/System/Library/PrivateFrameworks/CommonAuth.framework/Versions/A/CommonAuth
0x00007ff825528000 	/System/Library/PrivateFrameworks/AudioSession.framework/Versions/A/AudioSession
0x00007ff823594000 	/System/Library/PrivateFrameworks/MediaExperience.framework/Versions/A/MediaExperience
0x00007ff8253bc000 	/System/Library/PrivateFrameworks/AudioSession.framework/libSessionUtility.dylib
0x00007ff82594b000 	/System/Library/PrivateFrameworks/AudioResourceArbitration.framework/Versions/A/AudioResourceArbitration
0x00007ff82993d000 	/System/Library/PrivateFrameworks/PowerLog.framework/Versions/A/PowerLog
0x00007ff82350d000 	/System/Library/PrivateFrameworks/IconFoundation.framework/Versions/A/IconFoundation
0x00007ff828757000 	/System/Library/PrivateFrameworks/SpeechRecognitionCore.framework/Versions/A/SpeechRecognitionCore
0x000000010abe1000 	/Library/Java/JavaVirtualMachines/jdk-17.jdk/Contents/Home/lib/server/libjvm.dylib
0x0000000109beb000 	/Library/Java/JavaVirtualMachines/jdk-17.jdk/Contents/Home/lib/libjimage.dylib
0x0000000109c69000 	/Library/Java/JavaVirtualMachines/jdk-17.jdk/Contents/Home/lib/libjava.dylib
0x000000010aacf000 	/Library/Java/JavaVirtualMachines/jdk-17.jdk/Contents/Home/lib/libnio.dylib
0x000000010ab09000 	/Library/Java/JavaVirtualMachines/jdk-17.jdk/Contents/Home/lib/libnet.dylib
0x000000010aaeb000 	/Library/Java/JavaVirtualMachines/jdk-17.jdk/Contents/Home/lib/libzip.dylib
0x000000010fc39000 	/Library/Java/JavaVirtualMachines/jdk-17.jdk/Contents/Home/lib/libawt.dylib
0x000000010fcf9000 	/Library/Java/JavaVirtualMachines/jdk-17.jdk/Contents/Home/lib/libmlib_image.dylib
0x00007ffa3437f000 	/System/Library/Frameworks/JavaRuntimeSupport.framework/Versions/A/JavaRuntimeSupport
0x00007ff91c403000 	/System/Library/Frameworks/Carbon.framework/Versions/A/Carbon
0x00007ff82abb8000 	/System/Library/PrivateFrameworks/CoreSymbolication.framework/Versions/A/CoreSymbolication
0x00007ff830052000 	/System/Library/Frameworks/Carbon.framework/Versions/A/Frameworks/CommonPanels.framework/Versions/A/CommonPanels
0x00007ff82c191000 	/System/Library/Frameworks/Carbon.framework/Versions/A/Frameworks/Help.framework/Versions/A/Help
0x00007ff830056000 	/System/Library/Frameworks/Carbon.framework/Versions/A/Frameworks/ImageCapture.framework/Versions/A/ImageCapture
0x00007ff830026000 	/System/Library/Frameworks/Carbon.framework/Versions/A/Frameworks/OpenScripting.framework/Versions/A/OpenScripting
0x00007ff83004e000 	/System/Library/Frameworks/Carbon.framework/Versions/A/Frameworks/Ink.framework/Versions/A/Ink
0x00007ff91c3ff000 	/System/Library/Frameworks/Carbon.framework/Versions/A/Frameworks/Print.framework/Versions/A/Print
0x00007ff83004a000 	/System/Library/Frameworks/Carbon.framework/Versions/A/Frameworks/SecurityHI.framework/Versions/A/SecurityHI
0x00007ff82ab7d000 	/System/Library/PrivateFrameworks/DebugSymbols.framework/Versions/A/DebugSymbols
0x000000010fea6000 	/Library/Java/JavaVirtualMachines/jdk-17.jdk/Contents/Home/lib/libawt_lwawt.dylib
0x000000010ab4e000 	/Library/Java/JavaVirtualMachines/jdk-17.jdk/Contents/Home/lib/libosxapp.dylib
0x00007ff91b83c000 	/System/Library/Frameworks/ExceptionHandling.framework/Versions/A/ExceptionHandling
0x000000012ae15000 	/Library/Java/JavaVirtualMachines/jdk-17.jdk/Contents/Home/lib/libfontmanager.dylib
0x0000000110800000 	/Library/Java/JavaVirtualMachines/jdk-17.jdk/Contents/Home/lib/libfreetype.dylib
0x00007ff81a464000 	/System/Library/PrivateFrameworks/CoreServicesInternal.framework/Versions/A/CoreServicesInternal
0x00007ff829f2e000 	/System/Library/Frameworks/FileProvider.framework/Versions/A/FileProvider
0x00007ff81e0ea000 	/System/Library/Frameworks/Accounts.framework/Versions/A/Accounts
0x00007ff82a0a6000 	/System/Library/PrivateFrameworks/GenerationalStorage.framework/Versions/A/GenerationalStorage
0x00007ff829932000 	/System/Library/PrivateFrameworks/SymptomDiagnosticReporter.framework/Versions/A/SymptomDiagnosticReporter
0x00007ff81b728000 	/System/Library/PrivateFrameworks/DesktopServicesPriv.framework/Versions/A/DesktopServicesPriv
0x00007ff81a5a5000 	/usr/lib/libsandbox.1.dylib
0x00007ff81f400000 	/System/Library/PrivateFrameworks/UserManagement.framework/Versions/A/UserManagement
0x00007ff82592c000 	/System/Library/PrivateFrameworks/NetAuth.framework/Versions/A/NetAuth
0x00007ff82681b000 	/System/Library/PrivateFrameworks/Sharing.framework/Versions/A/Sharing
0x00007ff81f3d3000 	/System/Library/PrivateFrameworks/login.framework/Versions/A/Frameworks/loginsupport.framework/Versions/A/loginsupport
0x00007ff82bcbe000 	/System/Library/PrivateFrameworks/Apple80211.framework/Versions/A/Apple80211
0x00007ff8225bc000 	/System/Library/PrivateFrameworks/AuthKit.framework/Versions/A/AuthKit
0x00007ff821c12000 	/System/Library/PrivateFrameworks/CoreUtils.framework/Versions/A/CoreUtils
0x00007ff821b39000 	/System/Library/Frameworks/CoreWLAN.framework/Versions/A/CoreWLAN
0x00007ff826976000 	/System/Library/Frameworks/IOBluetooth.framework/Versions/A/IOBluetooth
0x00007ff82bd26000 	/System/Library/PrivateFrameworks/CoreWiFi.framework/Versions/A/CoreWiFi
0x00007ff82a752000 	/System/Library/PrivateFrameworks/FrontBoardServices.framework/Versions/A/FrontBoardServices
0x00007ff82a7e4000 	/System/Library/PrivateFrameworks/BoardServices.framework/Versions/A/BoardServices
0x00007ff821e2c000 	/System/Library/PrivateFrameworks/AssertionServices.framework/Versions/A/AssertionServices
0x00007ff82beaa000 	/System/Library/PrivateFrameworks/BackBoardServices.framework/Versions/A/BackBoardServices
0x00007ff825d79000 	/System/Library/PrivateFrameworks/CorePhoneNumbers.framework/Versions/A/CorePhoneNumbers
0x00007ff829a4f000 	/System/Library/PrivateFrameworks/DiskManagement.framework/Versions/A/DiskManagement
0x00007ff829963000 	/System/Library/PrivateFrameworks/AppleIDAuthSupport.framework/Versions/A/AppleIDAuthSupport
0x00007ffa363ca000 	/System/Library/PrivateFrameworks/AAAFoundation.framework/Versions/A/AAAFoundation
0x00007ff825d5a000 	/System/Library/PrivateFrameworks/KeychainCircle.framework/Versions/A/KeychainCircle
0x00007ff829a1b000 	/System/Library/PrivateFrameworks/MediaKit.framework/Versions/A/MediaKit
0x00007ff82996f000 	/System/Library/Frameworks/DiscRecording.framework/Versions/A/DiscRecording
0x00007ff823412000 	/usr/lib/libCoreStorage.dylib
0x00007ff82c199000 	/usr/lib/libcsfde.dylib
0x00007ff826a43000 	/System/Library/PrivateFrameworks/ProtectedCloudStorage.framework/Versions/A/ProtectedCloudStorage
0x00007ff82c195000 	/System/Library/PrivateFrameworks/EFILogin.framework/Versions/A/EFILogin
0x00007ff82a0cc000 	/System/Library/PrivateFrameworks/OctagonTrust.framework/Versions/A/OctagonTrust
0x00007ffb1aabe000 	/System/Library/PrivateFrameworks/CoreUtilsExtras.framework/Versions/A/CoreUtilsExtras
0x00007ff8298a5000 	/System/Library/Frameworks/CoreBluetooth.framework/Versions/A/CoreBluetooth
0x00007ff82c811000 	/System/Library/Frameworks/AudioUnit.framework/Versions/A/AudioUnit
0x00007ff82340a000 	/usr/lib/libMatch.1.dylib
0x00007ff923f03000 	/System/Library/CoreServices/RawCamera.bundle/Contents/MacOS/RawCamera
0x00007ff825cfa000 	/System/Library/PrivateFrameworks/MobileAsset.framework/Versions/A/MobileAsset
0x00007ff82c838000 	/System/Library/PrivateFrameworks/StreamingZip.framework/Versions/A/StreamingZip
0x00007ffb17f03000 	/System/Library/PrivateFrameworks/CMPhoto.framework/Versions/A/CMPhoto
0x00007ff82aa53000 	/System/Library/PrivateFrameworks/AppleVPA.framework/Versions/A/AppleVPA
0x00007ff8247be000 	/System/Library/Frameworks/MediaToolbox.framework/Versions/A/MediaToolbox
0x00007ff829efe000 	/System/Library/PrivateFrameworks/CoreAVCHD.framework/Versions/A/CoreAVCHD
0x00007ff828de6000 	/System/Library/Frameworks/MediaAccessibility.framework/Versions/A/MediaAccessibility
0x00007ff829efa000 	/System/Library/PrivateFrameworks/Mangrove.framework/Versions/A/Mangrove
0x00007ff828df1000 	/System/Library/PrivateFrameworks/AlgosScoreFramework.framework/Versions/A/AlgosScoreFramework
0x00007ff829b3f000 	/System/Library/PrivateFrameworks/CoreAUC.framework/Versions/A/CoreAUC
0x00007ff9217b0000 	/System/Library/Frameworks/Accelerate.framework/Versions/A/Frameworks/vImage.framework/Versions/A/Libraries/libCGInterfaces.dylib
0x000000010fe7c000 	/usr/lib/libobjc-trampolines.dylib
0x00007ff81f0f9000 	/System/Library/PrivateFrameworks/ViewBridge.framework/Versions/A/ViewBridge
0x00007ffa2fa28000 	/System/Library/Frameworks/OpenGL.framework/Versions/A/Resources/GLEngine.bundle/GLEngine
0x00007ffa2f88a000 	/System/Library/Frameworks/OpenGL.framework/Versions/A/Libraries/libGLProgrammability.dylib
0x00007ffa2755c000 	/System/Library/Extensions/AppleIntelBDWGraphicsGLDriver.bundle/Contents/MacOS/AppleIntelBDWGraphicsGLDriver
0x00007ff927230000 	/System/Library/PrivateFrameworks/GPUSupport.framework/Versions/A/Libraries/libGPUSupportMercury.dylib
0x00007ffa2fbb7000 	/System/Library/Frameworks/OpenGL.framework/Versions/A/Resources/GLRendererFloat.bundle/GLRendererFloat
0x00007ff823b67000 	/System/Library/PrivateFrameworks/login.framework/Versions/A/login
0x0000000133254000 	/private/var/folders/tf/wnsfvzw51wl62l0wh0wmz7s80000gn/T/jogamp_0000/file_cache/jln6024500534857221993/jln7690050405245243436/natives/macosx-universal/libgluegen-rt.jnilib
0x00000001109b8000 	/private/var/folders/tf/wnsfvzw51wl62l0wh0wmz7s80000gn/T/jogamp_0000/file_cache/jln6024500534857221993/jln7690050405245243436/natives/macosx-universal/libnativewindow_awt.jnilib
0x0000000133265000 	/Library/Java/JavaVirtualMachines/jdk-17.jdk/Contents/Home/lib/libjawt.dylib
0x0000000133258000 	/private/var/folders/tf/wnsfvzw51wl62l0wh0wmz7s80000gn/T/jogamp_0000/file_cache/jln6024500534857221993/jln7690050405245243436/natives/macosx-universal/libnativewindow_macosx.jnilib
0x00000001332a1000 	/private/var/folders/tf/wnsfvzw51wl62l0wh0wmz7s80000gn/T/jogamp_0000/file_cache/jln6024500534857221993/jln7690050405245243436/natives/macosx-universal/libnewt.jnilib


VM Arguments:
jvm_args: -Dfile.encoding=UTF-8 -XX:+ShowCodeDetailsInExceptionMessages 
java_command: strongforce.StrongForce
java_class_path (initial): /Users/markussvendsen/Documents/Eclipse/workspace/StrongForce/bin:/Users/markussvendsen/Documents/Eclipse/Libraries/Processing3/core.jar:/Users/markussvendsen/Documents/Eclipse/Libraries/Processing3/gluegen-rt-natives-macosx-universal.jar:/Users/markussvendsen/Documents/Eclipse/Libraries/Processing3/gluegen-rt.jar:/Users/markussvendsen/Documents/Eclipse/Libraries/Processing3/jogl-all-natives-macosx-universal.jar:/Users/markussvendsen/Documents/Eclipse/Libraries/Processing3/jogl-all.jar
Launcher Type: SUN_STANDARD

[Global flags]
     intx CICompilerCount                          = 3                                         {product} {ergonomic}
     uint ConcGCThreads                            = 1                                         {product} {ergonomic}
     uint G1ConcRefinementThreads                  = 4                                         {product} {ergonomic}
   size_t G1HeapRegionSize                         = 1048576                                   {product} {ergonomic}
    uintx GCDrainStackTargetSize                   = 64                                        {product} {ergonomic}
   size_t InitialHeapSize                          = 134217728                                 {product} {ergonomic}
   size_t MarkStackSize                            = 4194304                                   {product} {ergonomic}
   size_t MaxHeapSize                              = 2147483648                                {product} {ergonomic}
   size_t MaxNewSize                               = 1287651328                                {product} {ergonomic}
   size_t MinHeapDeltaBytes                        = 1048576                                   {product} {ergonomic}
   size_t MinHeapSize                              = 8388608                                   {product} {ergonomic}
    uintx NonNMethodCodeHeapSize                   = 5832780                                {pd product} {ergonomic}
    uintx NonProfiledCodeHeapSize                  = 122912730                              {pd product} {ergonomic}
    uintx ProfiledCodeHeapSize                     = 122912730                              {pd product} {ergonomic}
    uintx ReservedCodeCacheSize                    = 251658240                              {pd product} {ergonomic}
     bool SegmentedCodeCache                       = true                                      {product} {ergonomic}
     bool ShowCodeDetailsInExceptionMessages       = true                                   {manageable} {command line}
   size_t SoftMaxHeapSize                          = 2147483648                             {manageable} {ergonomic}
     bool UseCompressedClassPointers               = true                           {product lp64_product} {ergonomic}
     bool UseCompressedOops                        = true                           {product lp64_product} {ergonomic}
     bool UseG1GC                                  = true                                      {product} {ergonomic}
     bool UseNUMA                                  = false                                     {product} {ergonomic}
     bool UseNUMAInterleaving                      = false                                     {product} {ergonomic}

Logging:
Log output configuration:
 #0: stdout all=warning uptime,level,tags
 #1: stderr all=off uptime,level,tags

Environment Variables:
PATH=/usr/bin:/bin:/usr/sbin:/sbin
SHELL=/bin/zsh

Signal Handlers:
   SIGSEGV: crash_handler in libjvm.dylib, mask=11100110000111110111111111111111, flags=SA_RESTART|SA_SIGINFO
    SIGBUS: crash_handler in libjvm.dylib, mask=11100110000111110111111111111111, flags=SA_RESTART|SA_SIGINFO
    SIGFPE: crash_handler in libjvm.dylib, mask=11100110000111110111111111111111, flags=SA_RESTART|SA_SIGINFO
   SIGPIPE: javaSignalHandler in libjvm.dylib, mask=11100110000111110111111111111111, flags=SA_RESTART|SA_SIGINFO
   SIGXFSZ: javaSignalHandler in libjvm.dylib, mask=11100110000111110111111111111111, flags=SA_RESTART|SA_SIGINFO
    SIGILL: crash_handler in libjvm.dylib, mask=11100110000111110111111111111111, flags=SA_RESTART|SA_SIGINFO
   SIGUSR2: SR_handler in libjvm.dylib, mask=00100000000000000000000000000000, flags=SA_RESTART|SA_SIGINFO
    SIGHUP: UserHandler in libjvm.dylib, mask=11100110000111110111111111111111, flags=SA_RESTART|SA_SIGINFO
    SIGINT: UserHandler in libjvm.dylib, mask=11100110000111110111111111111111, flags=SA_RESTART|SA_SIGINFO
   SIGTERM: UserHandler in libjvm.dylib, mask=11100110000111110111111111111111, flags=SA_RESTART|SA_SIGINFO
   SIGQUIT: UserHandler in libjvm.dylib, mask=11100110000111110111111111111111, flags=SA_RESTART|SA_SIGINFO
   SIGTRAP: crash_handler in libjvm.dylib, mask=11100110000111110111111111111111, flags=SA_RESTART|SA_SIGINFO


---------------  S Y S T E M  ---------------

OS:
uname: Darwin 21.3.0 Darwin Kernel Version 21.3.0: Wed Jan  5 21:37:58 PST 2022; root:xnu-8019.80.24~20/RELEASE_X86_64 x86_64
OS uptime: 28 days 17:10 hours
rlimit (soft/hard): STACK 8192k/65532k , CORE 0k/infinity , NPROC 1392/2088 , NOFILE 10240/infinity , AS infinity/infinity , CPU infinity/infinity , DATA infinity/infinity , FSIZE infinity/infinity , MEMLOCK infinity/infinity , RSS infinity/infinity
load average: 2.30 2.78 2.30

CPU: total 4 (initial active 4) (2 cores per cpu, 2 threads per core) family 6 model 61 stepping 4 microcode 0x2f, cx8, cmov, fxsr, ht, mmx, 3dnowpref, sse, sse2, sse3, ssse3, sse4.1, sse4.2, popcnt, lzcnt, tsc, tscinvbit, avx, avx2, aes, erms, clmul, bmi1, bmi2, rtm, adx, fma, vzeroupper, clflush

Memory: 4k page, physical 8388608k(30400k free), swap 2097152k(1512704k free)

vm_info: Java HotSpot(TM) 64-Bit Server VM (17+35-LTS-2724) for bsd-amd64 JRE (17+35-LTS-2724), built on Aug  5 2021 22:37:01 by "mach5one" with clang Apple LLVM 12.0.0 (clang-1200.0.32.29)

END.
